{"/home/ubuntu/CarbonXchange/mobile-frontend/src/screens/Auth/RegisterScreen.js": {"path":"/home/ubuntu/CarbonXchange/mobile-frontend/src/screens/Auth/RegisterScreen.js","statementMap":{"0":{"start":{"line":7,"column":23},"end":{"line":128,"column":1}},"1":{"start":{"line":8,"column":28},"end":{"line":8,"column":40}},"2":{"start":{"line":9,"column":34},"end":{"line":9,"column":46}},"3":{"start":{"line":10,"column":48},"end":{"line":10,"column":60}},"4":{"start":{"line":11,"column":34},"end":{"line":11,"column":46}},"5":{"start":{"line":12,"column":44},"end":{"line":12,"column":56}},"6":{"start":{"line":13,"column":19},"end":{"line":13,"column":32}},"7":{"start":{"line":14,"column":31},"end":{"line":14,"column":65}},"8":{"start":{"line":14,"column":54},"end":{"line":14,"column":64}},"9":{"start":{"line":16,"column":25},"end":{"line":48,"column":3}},"10":{"start":{"line":17,"column":4},"end":{"line":19,"column":5}},"11":{"start":{"line":18,"column":8},"end":{"line":18,"column":35}},"12":{"start":{"line":20,"column":4},"end":{"line":23,"column":5}},"13":{"start":{"line":21,"column":6},"end":{"line":21,"column":66}},"14":{"start":{"line":22,"column":6},"end":{"line":22,"column":13}},"15":{"start":{"line":24,"column":4},"end":{"line":27,"column":5}},"16":{"start":{"line":25,"column":6},"end":{"line":25,"column":54}},"17":{"start":{"line":26,"column":6},"end":{"line":26,"column":13}},"18":{"start":{"line":29,"column":4},"end":{"line":32,"column":5}},"19":{"start":{"line":30,"column":8},"end":{"line":30,"column":68}},"20":{"start":{"line":31,"column":8},"end":{"line":31,"column":15}},"21":{"start":{"line":34,"column":4},"end":{"line":37,"column":5}},"22":{"start":{"line":35,"column":8},"end":{"line":35,"column":77}},"23":{"start":{"line":36,"column":8},"end":{"line":36,"column":15}},"24":{"start":{"line":39,"column":21},"end":{"line":45,"column":5}},"25":{"start":{"line":46,"column":4},"end":{"line":46,"column":37}},"26":{"start":{"line":50,"column":2},"end":{"line":56,"column":24}},"27":{"start":{"line":51,"column":4},"end":{"line":55,"column":5}},"28":{"start":{"line":52,"column":22},"end":{"line":52,"column":114}},"29":{"start":{"line":53,"column":6},"end":{"line":53,"column":50}},"30":{"start":{"line":54,"column":6},"end":{"line":54,"column":33}},"31":{"start":{"line":58,"column":2},"end":{"line":127,"column":4}},"32":{"start":{"line":119,"column":27},"end":{"line":119,"column":55}},"33":{"start":{"line":131,"column":15},"end":{"line":171,"column":2}}},"fnMap":{"0":{"name":"(anonymous_0)","decl":{"start":{"line":7,"column":23},"end":{"line":7,"column":24}},"loc":{"start":{"line":7,"column":43},"end":{"line":128,"column":1}},"line":7},"1":{"name":"(anonymous_1)","decl":{"start":{"line":14,"column":43},"end":{"line":14,"column":44}},"loc":{"start":{"line":14,"column":54},"end":{"line":14,"column":64}},"line":14},"2":{"name":"(anonymous_2)","decl":{"start":{"line":16,"column":25},"end":{"line":16,"column":26}},"loc":{"start":{"line":16,"column":31},"end":{"line":48,"column":3}},"line":16},"3":{"name":"(anonymous_3)","decl":{"start":{"line":50,"column":18},"end":{"line":50,"column":19}},"loc":{"start":{"line":50,"column":24},"end":{"line":56,"column":3}},"line":50},"4":{"name":"(anonymous_4)","decl":{"start":{"line":119,"column":21},"end":{"line":119,"column":22}},"loc":{"start":{"line":119,"column":27},"end":{"line":119,"column":55}},"line":119}},"branchMap":{"0":{"loc":{"start":{"line":17,"column":4},"end":{"line":19,"column":5}},"type":"if","locations":[{"start":{"line":17,"column":4},"end":{"line":19,"column":5}},{"start":{},"end":{}}],"line":17},"1":{"loc":{"start":{"line":20,"column":4},"end":{"line":23,"column":5}},"type":"if","locations":[{"start":{"line":20,"column":4},"end":{"line":23,"column":5}},{"start":{},"end":{}}],"line":20},"2":{"loc":{"start":{"line":20,"column":8},"end":{"line":20,"column":60}},"type":"binary-expr","locations":[{"start":{"line":20,"column":8},"end":{"line":20,"column":14}},{"start":{"line":20,"column":18},"end":{"line":20,"column":27}},{"start":{"line":20,"column":31},"end":{"line":20,"column":47}},{"start":{"line":20,"column":51},"end":{"line":20,"column":60}}],"line":20},"3":{"loc":{"start":{"line":24,"column":4},"end":{"line":27,"column":5}},"type":"if","locations":[{"start":{"line":24,"column":4},"end":{"line":27,"column":5}},{"start":{},"end":{}}],"line":24},"4":{"loc":{"start":{"line":29,"column":4},"end":{"line":32,"column":5}},"type":"if","locations":[{"start":{"line":29,"column":4},"end":{"line":32,"column":5}},{"start":{},"end":{}}],"line":29},"5":{"loc":{"start":{"line":34,"column":4},"end":{"line":37,"column":5}},"type":"if","locations":[{"start":{"line":34,"column":4},"end":{"line":37,"column":5}},{"start":{},"end":{}}],"line":34},"6":{"loc":{"start":{"line":44,"column":10},"end":{"line":44,"column":44}},"type":"binary-expr","locations":[{"start":{"line":44,"column":10},"end":{"line":44,"column":23}},{"start":{"line":44,"column":27},"end":{"line":44,"column":44}}],"line":44},"7":{"loc":{"start":{"line":51,"column":4},"end":{"line":55,"column":5}},"type":"if","locations":[{"start":{"line":51,"column":4},"end":{"line":55,"column":5}},{"start":{},"end":{}}],"line":51},"8":{"loc":{"start":{"line":52,"column":22},"end":{"line":52,"column":114}},"type":"binary-expr","locations":[{"start":{"line":52,"column":22},"end":{"line":52,"column":35}},{"start":{"line":52,"column":40},"end":{"line":52,"column":69}},{"start":{"line":52,"column":74},"end":{"line":52,"column":114}}],"line":52},"9":{"loc":{"start":{"line":60,"column":16},"end":{"line":60,"column":60}},"type":"cond-expr","locations":[{"start":{"line":60,"column":40},"end":{"line":60,"column":49}},{"start":{"line":60,"column":52},"end":{"line":60,"column":60}}],"line":60},"10":{"loc":{"start":{"line":109,"column":11},"end":{"line":115,"column":11}},"type":"cond-expr","locations":[{"start":{"line":110,"column":12},"end":{"line":110,"column":120}},{"start":{"line":112,"column":12},"end":{"line":114,"column":31}}],"line":109}},"s":{"0":1,"1":18,"2":18,"3":18,"4":18,"5":18,"6":18,"7":18,"8":36,"9":0,"10":0,"11":0,"12":0,"13":0,"14":0,"15":0,"16":0,"17":0,"18":0,"19":0,"20":0,"21":0,"22":0,"23":0,"24":0,"25":0,"26":0,"27":0,"28":0,"29":0,"30":0,"31":0,"32":0,"33":1},"f":{"0":18,"1":36,"2":0,"3":0,"4":0},"b":{"0":[0,0],"1":[0,0],"2":[0,0,0,0],"3":[0,0],"4":[0,0],"5":[0,0],"6":[0,0],"7":[0,0],"8":[0,0,0],"9":[0,0],"10":[0,0]},"_coverageSchema":"1a1c01bbd47fc00a2c39e90264f33305004495a9","hash":"968ca39b40b01dfe30f2e0383ff72d986e1a0332"}
,"/home/ubuntu/CarbonXchange/mobile-frontend/src/screens/Main/CreditDetailScreen.js": {"path":"/home/ubuntu/CarbonXchange/mobile-frontend/src/screens/Main/CreditDetailScreen.js","statementMap":{"0":{"start":{"line":6,"column":27},"end":{"line":147,"column":1}},"1":{"start":{"line":7,"column":23},"end":{"line":7,"column":35}},"2":{"start":{"line":8,"column":44},"end":{"line":8,"column":58}},"3":{"start":{"line":9,"column":36},"end":{"line":9,"column":51}},"4":{"start":{"line":10,"column":28},"end":{"line":10,"column":42}},"5":{"start":{"line":12,"column":29},"end":{"line":31,"column":16}},"6":{"start":{"line":13,"column":4},"end":{"line":13,"column":23}},"7":{"start":{"line":14,"column":4},"end":{"line":14,"column":19}},"8":{"start":{"line":15,"column":4},"end":{"line":30,"column":5}},"9":{"start":{"line":16,"column":23},"end":{"line":16,"column":52}},"10":{"start":{"line":17,"column":6},"end":{"line":23,"column":7}},"11":{"start":{"line":18,"column":8},"end":{"line":18,"column":40}},"12":{"start":{"line":20,"column":29},"end":{"line":20,"column":88}},"13":{"start":{"line":21,"column":8},"end":{"line":21,"column":31}},"14":{"start":{"line":25,"column":27},"end":{"line":25,"column":115}},"15":{"start":{"line":26,"column":6},"end":{"line":26,"column":29}},"16":{"start":{"line":29,"column":6},"end":{"line":29,"column":26}},"17":{"start":{"line":33,"column":2},"end":{"line":35,"column":27}},"18":{"start":{"line":34,"column":4},"end":{"line":34,"column":25}},"19":{"start":{"line":38,"column":25},"end":{"line":45,"column":3}},"20":{"start":{"line":39,"column":22},"end":{"line":39,"column":51}},"21":{"start":{"line":40,"column":4},"end":{"line":44,"column":5}},"22":{"start":{"line":41,"column":6},"end":{"line":41,"column":33}},"23":{"start":{"line":43,"column":6},"end":{"line":43,"column":61}},"24":{"start":{"line":47,"column":2},"end":{"line":51,"column":3}},"25":{"start":{"line":48,"column":4},"end":{"line":50,"column":6}},"26":{"start":{"line":53,"column":2},"end":{"line":62,"column":3}},"27":{"start":{"line":54,"column":4},"end":{"line":61,"column":6}},"28":{"start":{"line":64,"column":2},"end":{"line":68,"column":3}},"29":{"start":{"line":65,"column":4},"end":{"line":67,"column":6}},"30":{"start":{"line":71,"column":21},"end":{"line":71,"column":112}},"31":{"start":{"line":72,"column":17},"end":{"line":72,"column":93}},"32":{"start":{"line":73,"column":16},"end":{"line":73,"column":108}},"33":{"start":{"line":74,"column":17},"end":{"line":74,"column":46}},"34":{"start":{"line":75,"column":29},"end":{"line":75,"column":70}},"35":{"start":{"line":76,"column":22},"end":{"line":76,"column":78}},"36":{"start":{"line":77,"column":21},"end":{"line":77,"column":67}},"37":{"start":{"line":78,"column":23},"end":{"line":78,"column":110}},"38":{"start":{"line":79,"column":22},"end":{"line":79,"column":44}},"39":{"start":{"line":81,"column":2},"end":{"line":146,"column":4}},"40":{"start":{"line":130,"column":12},"end":{"line":132,"column":31}},"41":{"start":{"line":130,"column":57},"end":{"line":130,"column":79}},"42":{"start":{"line":139,"column":23},"end":{"line":139,"column":152}},"43":{"start":{"line":150,"column":15},"end":{"line":253,"column":2}}},"fnMap":{"0":{"name":"(anonymous_0)","decl":{"start":{"line":6,"column":27},"end":{"line":6,"column":28}},"loc":{"start":{"line":6,"column":54},"end":{"line":147,"column":1}},"line":6},"1":{"name":"(anonymous_1)","decl":{"start":{"line":12,"column":41},"end":{"line":12,"column":42}},"loc":{"start":{"line":12,"column":53},"end":{"line":31,"column":3}},"line":12},"2":{"name":"(anonymous_2)","decl":{"start":{"line":33,"column":12},"end":{"line":33,"column":13}},"loc":{"start":{"line":33,"column":18},"end":{"line":35,"column":3}},"line":33},"3":{"name":"(anonymous_3)","decl":{"start":{"line":38,"column":25},"end":{"line":38,"column":26}},"loc":{"start":{"line":38,"column":40},"end":{"line":45,"column":3}},"line":38},"4":{"name":"(anonymous_4)","decl":{"start":{"line":129,"column":51},"end":{"line":129,"column":52}},"loc":{"start":{"line":130,"column":12},"end":{"line":132,"column":31}},"line":130},"5":{"name":"(anonymous_5)","decl":{"start":{"line":130,"column":51},"end":{"line":130,"column":52}},"loc":{"start":{"line":130,"column":57},"end":{"line":130,"column":79}},"line":130},"6":{"name":"(anonymous_6)","decl":{"start":{"line":139,"column":17},"end":{"line":139,"column":18}},"loc":{"start":{"line":139,"column":23},"end":{"line":139,"column":152}},"line":139}},"branchMap":{"0":{"loc":{"start":{"line":17,"column":6},"end":{"line":23,"column":7}},"type":"if","locations":[{"start":{"line":17,"column":6},"end":{"line":23,"column":7}},{"start":{"line":19,"column":13},"end":{"line":23,"column":7}}],"line":17},"1":{"loc":{"start":{"line":17,"column":10},"end":{"line":17,"column":43}},"type":"binary-expr","locations":[{"start":{"line":17,"column":10},"end":{"line":17,"column":26}},{"start":{"line":17,"column":30},"end":{"line":17,"column":43}}],"line":17},"2":{"loc":{"start":{"line":20,"column":29},"end":{"line":20,"column":88}},"type":"binary-expr","locations":[{"start":{"line":20,"column":29},"end":{"line":20,"column":52}},{"start":{"line":20,"column":56},"end":{"line":20,"column":88}}],"line":20},"3":{"loc":{"start":{"line":25,"column":27},"end":{"line":25,"column":115}},"type":"binary-expr","locations":[{"start":{"line":25,"column":27},"end":{"line":25,"column":54}},{"start":{"line":25,"column":58},"end":{"line":25,"column":69}},{"start":{"line":25,"column":73},"end":{"line":25,"column":115}}],"line":25},"4":{"loc":{"start":{"line":40,"column":4},"end":{"line":44,"column":5}},"type":"if","locations":[{"start":{"line":40,"column":4},"end":{"line":44,"column":5}},{"start":{"line":42,"column":11},"end":{"line":44,"column":5}}],"line":40},"5":{"loc":{"start":{"line":47,"column":2},"end":{"line":51,"column":3}},"type":"if","locations":[{"start":{"line":47,"column":2},"end":{"line":51,"column":3}},{"start":{},"end":{}}],"line":47},"6":{"loc":{"start":{"line":53,"column":2},"end":{"line":62,"column":3}},"type":"if","locations":[{"start":{"line":53,"column":2},"end":{"line":62,"column":3}},{"start":{},"end":{}}],"line":53},"7":{"loc":{"start":{"line":64,"column":2},"end":{"line":68,"column":3}},"type":"if","locations":[{"start":{"line":64,"column":2},"end":{"line":68,"column":3}},{"start":{},"end":{}}],"line":64},"8":{"loc":{"start":{"line":71,"column":21},"end":{"line":71,"column":112}},"type":"cond-expr","locations":[{"start":{"line":71,"column":42},"end":{"line":71,"column":93}},{"start":{"line":71,"column":96},"end":{"line":71,"column":112}}],"line":71},"9":{"loc":{"start":{"line":72,"column":17},"end":{"line":72,"column":93}},"type":"cond-expr","locations":[{"start":{"line":72,"column":54},"end":{"line":72,"column":85}},{"start":{"line":72,"column":88},"end":{"line":72,"column":93}}],"line":72},"10":{"loc":{"start":{"line":73,"column":16},"end":{"line":73,"column":108}},"type":"cond-expr","locations":[{"start":{"line":73,"column":52},"end":{"line":73,"column":100}},{"start":{"line":73,"column":103},"end":{"line":73,"column":108}}],"line":73},"11":{"loc":{"start":{"line":74,"column":17},"end":{"line":74,"column":46}},"type":"binary-expr","locations":[{"start":{"line":74,"column":17},"end":{"line":74,"column":37}},{"start":{"line":74,"column":41},"end":{"line":74,"column":46}}],"line":74},"12":{"loc":{"start":{"line":75,"column":29},"end":{"line":75,"column":70}},"type":"binary-expr","locations":[{"start":{"line":75,"column":29},"end":{"line":75,"column":61}},{"start":{"line":75,"column":65},"end":{"line":75,"column":70}}],"line":75},"13":{"loc":{"start":{"line":76,"column":22},"end":{"line":76,"column":78}},"type":"binary-expr","locations":[{"start":{"line":76,"column":22},"end":{"line":76,"column":47}},{"start":{"line":76,"column":51},"end":{"line":76,"column":78}}],"line":76},"14":{"loc":{"start":{"line":77,"column":21},"end":{"line":77,"column":67}},"type":"binary-expr","locations":[{"start":{"line":77,"column":21},"end":{"line":77,"column":47}},{"start":{"line":77,"column":51},"end":{"line":77,"column":67}}],"line":77},"15":{"loc":{"start":{"line":78,"column":23},"end":{"line":78,"column":110}},"type":"cond-expr","locations":[{"start":{"line":78,"column":68},"end":{"line":78,"column":102}},{"start":{"line":78,"column":105},"end":{"line":78,"column":110}}],"line":78},"16":{"loc":{"start":{"line":85,"column":42},"end":{"line":85,"column":99}},"type":"cond-expr","locations":[{"start":{"line":85,"column":56},"end":{"line":85,"column":78}},{"start":{"line":85,"column":81},"end":{"line":85,"column":99}}],"line":85},"17":{"loc":{"start":{"line":111,"column":7},"end":{"line":123,"column":7}},"type":"binary-expr","locations":[{"start":{"line":111,"column":7},"end":{"line":111,"column":27}},{"start":{"line":112,"column":8},"end":{"line":122,"column":15}}],"line":111},"18":{"loc":{"start":{"line":126,"column":7},"end":{"line":135,"column":7}},"type":"binary-expr","locations":[{"start":{"line":126,"column":7},"end":{"line":126,"column":42}},{"start":{"line":126,"column":46},"end":{"line":126,"column":92}},{"start":{"line":127,"column":8},"end":{"line":134,"column":15}}],"line":126},"19":{"loc":{"start":{"line":138,"column":36},"end":{"line":138,"column":73}},"type":"binary-expr","locations":[{"start":{"line":138,"column":36},"end":{"line":138,"column":48}},{"start":{"line":138,"column":52},"end":{"line":138,"column":73}}],"line":138}},"s":{"0":1,"1":0,"2":0,"3":0,"4":0,"5":0,"6":0,"7":0,"8":0,"9":0,"10":0,"11":0,"12":0,"13":0,"14":0,"15":0,"16":0,"17":0,"18":0,"19":0,"20":0,"21":0,"22":0,"23":0,"24":0,"25":0,"26":0,"27":0,"28":0,"29":0,"30":0,"31":0,"32":0,"33":0,"34":0,"35":0,"36":0,"37":0,"38":0,"39":0,"40":0,"41":0,"42":0,"43":1},"f":{"0":0,"1":0,"2":0,"3":0,"4":0,"5":0,"6":0},"b":{"0":[0,0],"1":[0,0],"2":[0,0],"3":[0,0,0],"4":[0,0],"5":[0,0],"6":[0,0],"7":[0,0],"8":[0,0],"9":[0,0],"10":[0,0],"11":[0,0],"12":[0,0],"13":[0,0],"14":[0,0],"15":[0,0],"16":[0,0],"17":[0,0],"18":[0,0,0],"19":[0,0]},"_coverageSchema":"1a1c01bbd47fc00a2c39e90264f33305004495a9","hash":"c349a8622c997a26772073e60b16072056d5991f"}
,"/home/ubuntu/CarbonXchange/mobile-frontend/src/screens/Main/CreditsListScreen.js": {"path":"/home/ubuntu/CarbonXchange/mobile-frontend/src/screens/Main/CreditsListScreen.js","statementMap":{"0":{"start":{"line":8,"column":46},"end":{"line":8,"column":61}},"1":{"start":{"line":9,"column":2},"end":{"line":16,"column":21}},"2":{"start":{"line":10,"column":20},"end":{"line":12,"column":13}},"3":{"start":{"line":11,"column":6},"end":{"line":11,"column":31}},"4":{"start":{"line":13,"column":4},"end":{"line":15,"column":6}},"5":{"start":{"line":14,"column":6},"end":{"line":14,"column":28}},"6":{"start":{"line":17,"column":2},"end":{"line":17,"column":24}},"7":{"start":{"line":20,"column":26},"end":{"line":202,"column":1}},"8":{"start":{"line":21,"column":32},"end":{"line":21,"column":44}},"9":{"start":{"line":22,"column":36},"end":{"line":22,"column":51}},"10":{"start":{"line":23,"column":42},"end":{"line":23,"column":57}},"11":{"start":{"line":24,"column":28},"end":{"line":24,"column":42}},"12":{"start":{"line":25,"column":26},"end":{"line":25,"column":37}},"13":{"start":{"line":26,"column":38},"end":{"line":26,"column":49}},"14":{"start":{"line":27,"column":40},"end":{"line":27,"column":52}},"15":{"start":{"line":28,"column":31},"end":{"line":28,"column":60}},"16":{"start":{"line":30,"column":23},"end":{"line":75,"column":15}},"17":{"start":{"line":32,"column":4},"end":{"line":36,"column":5}},"18":{"start":{"line":33,"column":6},"end":{"line":33,"column":25}},"19":{"start":{"line":34,"column":11},"end":{"line":36,"column":5}},"20":{"start":{"line":35,"column":6},"end":{"line":35,"column":28}},"21":{"start":{"line":39,"column":4},"end":{"line":39,"column":19}},"22":{"start":{"line":40,"column":4},"end":{"line":74,"column":5}},"23":{"start":{"line":41,"column":21},"end":{"line":41,"column":49}},"24":{"start":{"line":42,"column":6},"end":{"line":44,"column":7}},"25":{"start":{"line":43,"column":8},"end":{"line":43,"column":31}},"26":{"start":{"line":45,"column":23},"end":{"line":45,"column":47}},"27":{"start":{"line":47,"column":6},"end":{"line":59,"column":7}},"28":{"start":{"line":49,"column":8},"end":{"line":49,"column":99}},"29":{"start":{"line":50,"column":8},"end":{"line":50,"column":48}},"30":{"start":{"line":51,"column":8},"end":{"line":51,"column":25}},"31":{"start":{"line":54,"column":8},"end":{"line":57,"column":9}},"32":{"start":{"line":55,"column":12},"end":{"line":55,"column":27}},"33":{"start":{"line":56,"column":12},"end":{"line":56,"column":75}},"34":{"start":{"line":58,"column":9},"end":{"line":58,"column":79}},"35":{"start":{"line":61,"column":27},"end":{"line":61,"column":115}},"36":{"start":{"line":62,"column":7},"end":{"line":65,"column":8}},"37":{"start":{"line":63,"column":11},"end":{"line":63,"column":26}},"38":{"start":{"line":64,"column":11},"end":{"line":64,"column":34}},"39":{"start":{"line":66,"column":7},"end":{"line":66,"column":59}},"40":{"start":{"line":69,"column":6},"end":{"line":73,"column":7}},"41":{"start":{"line":70,"column":8},"end":{"line":70,"column":28}},"42":{"start":{"line":71,"column":13},"end":{"line":73,"column":7}},"43":{"start":{"line":72,"column":8},"end":{"line":72,"column":31}},"44":{"start":{"line":78,"column":2},"end":{"line":81,"column":43}},"45":{"start":{"line":80,"column":4},"end":{"line":80,"column":49}},"46":{"start":{"line":88,"column":25},"end":{"line":93,"column":3}},"47":{"start":{"line":90,"column":4},"end":{"line":92,"column":5}},"48":{"start":{"line":91,"column":6},"end":{"line":91,"column":58}},"49":{"start":{"line":95,"column":20},"end":{"line":98,"column":3}},"50":{"start":{"line":97,"column":4},"end":{"line":97,"column":48}},"51":{"start":{"line":100,"column":27},"end":{"line":121,"column":3}},"52":{"start":{"line":101,"column":4},"end":{"line":120,"column":23}},"53":{"start":{"line":103,"column":21},"end":{"line":103,"column":79}},"54":{"start":{"line":123,"column":23},"end":{"line":133,"column":3}},"55":{"start":{"line":125,"column":4},"end":{"line":131,"column":5}},"56":{"start":{"line":130,"column":9},"end":{"line":130,"column":125}},"57":{"start":{"line":132,"column":4},"end":{"line":132,"column":16}},"58":{"start":{"line":135,"column":22},"end":{"line":158,"column":3}},"59":{"start":{"line":137,"column":4},"end":{"line":137,"column":47}},"60":{"start":{"line":137,"column":35},"end":{"line":137,"column":47}},"61":{"start":{"line":139,"column":20},"end":{"line":143,"column":44}},"62":{"start":{"line":145,"column":20},"end":{"line":145,"column":27}},"63":{"start":{"line":147,"column":4},"end":{"line":157,"column":6}},"64":{"start":{"line":160,"column":2},"end":{"line":201,"column":4}},"65":{"start":{"line":183,"column":32},"end":{"line":183,"column":79}},"66":{"start":{"line":205,"column":15},"end":{"line":295,"column":2}}},"fnMap":{"0":{"name":"useDebounce","decl":{"start":{"line":7,"column":9},"end":{"line":7,"column":20}},"loc":{"start":{"line":7,"column":35},"end":{"line":18,"column":1}},"line":7},"1":{"name":"(anonymous_1)","decl":{"start":{"line":9,"column":12},"end":{"line":9,"column":13}},"loc":{"start":{"line":9,"column":18},"end":{"line":16,"column":3}},"line":9},"2":{"name":"(anonymous_2)","decl":{"start":{"line":10,"column":31},"end":{"line":10,"column":32}},"loc":{"start":{"line":10,"column":37},"end":{"line":12,"column":5}},"line":10},"3":{"name":"(anonymous_3)","decl":{"start":{"line":13,"column":11},"end":{"line":13,"column":12}},"loc":{"start":{"line":13,"column":17},"end":{"line":15,"column":5}},"line":13},"4":{"name":"(anonymous_4)","decl":{"start":{"line":20,"column":26},"end":{"line":20,"column":27}},"loc":{"start":{"line":20,"column":46},"end":{"line":202,"column":1}},"line":20},"5":{"name":"(anonymous_5)","decl":{"start":{"line":30,"column":35},"end":{"line":30,"column":36}},"loc":{"start":{"line":30,"column":91},"end":{"line":75,"column":3}},"line":30},"6":{"name":"(anonymous_6)","decl":{"start":{"line":78,"column":12},"end":{"line":78,"column":13}},"loc":{"start":{"line":78,"column":18},"end":{"line":81,"column":3}},"line":78},"7":{"name":"(anonymous_7)","decl":{"start":{"line":88,"column":25},"end":{"line":88,"column":26}},"loc":{"start":{"line":88,"column":31},"end":{"line":93,"column":3}},"line":88},"8":{"name":"(anonymous_8)","decl":{"start":{"line":95,"column":20},"end":{"line":95,"column":21}},"loc":{"start":{"line":95,"column":26},"end":{"line":98,"column":3}},"line":95},"9":{"name":"(anonymous_9)","decl":{"start":{"line":100,"column":27},"end":{"line":100,"column":28}},"loc":{"start":{"line":101,"column":4},"end":{"line":120,"column":23}},"line":101},"10":{"name":"(anonymous_10)","decl":{"start":{"line":103,"column":15},"end":{"line":103,"column":16}},"loc":{"start":{"line":103,"column":21},"end":{"line":103,"column":79}},"line":103},"11":{"name":"(anonymous_11)","decl":{"start":{"line":123,"column":23},"end":{"line":123,"column":24}},"loc":{"start":{"line":123,"column":29},"end":{"line":133,"column":3}},"line":123},"12":{"name":"(anonymous_12)","decl":{"start":{"line":135,"column":22},"end":{"line":135,"column":23}},"loc":{"start":{"line":135,"column":28},"end":{"line":158,"column":3}},"line":135},"13":{"name":"(anonymous_13)","decl":{"start":{"line":183,"column":22},"end":{"line":183,"column":23}},"loc":{"start":{"line":183,"column":32},"end":{"line":183,"column":79}},"line":183}},"branchMap":{"0":{"loc":{"start":{"line":30,"column":42},"end":{"line":30,"column":53}},"type":"default-arg","locations":[{"start":{"line":30,"column":52},"end":{"line":30,"column":53}}],"line":30},"1":{"loc":{"start":{"line":30,"column":55},"end":{"line":30,"column":73}},"type":"default-arg","locations":[{"start":{"line":30,"column":68},"end":{"line":30,"column":73}}],"line":30},"2":{"loc":{"start":{"line":30,"column":75},"end":{"line":30,"column":86}},"type":"default-arg","locations":[{"start":{"line":30,"column":84},"end":{"line":30,"column":86}}],"line":30},"3":{"loc":{"start":{"line":32,"column":4},"end":{"line":36,"column":5}},"type":"if","locations":[{"start":{"line":32,"column":4},"end":{"line":36,"column":5}},{"start":{"line":34,"column":11},"end":{"line":36,"column":5}}],"line":32},"4":{"loc":{"start":{"line":32,"column":8},"end":{"line":32,"column":36}},"type":"binary-expr","locations":[{"start":{"line":32,"column":8},"end":{"line":32,"column":19}},{"start":{"line":32,"column":23},"end":{"line":32,"column":36}}],"line":32},"5":{"loc":{"start":{"line":34,"column":11},"end":{"line":36,"column":5}},"type":"if","locations":[{"start":{"line":34,"column":11},"end":{"line":36,"column":5}},{"start":{},"end":{}}],"line":34},"6":{"loc":{"start":{"line":42,"column":6},"end":{"line":44,"column":7}},"type":"if","locations":[{"start":{"line":42,"column":6},"end":{"line":44,"column":7}},{"start":{},"end":{}}],"line":42},"7":{"loc":{"start":{"line":47,"column":6},"end":{"line":59,"column":7}},"type":"if","locations":[{"start":{"line":47,"column":6},"end":{"line":59,"column":7}},{"start":{"line":52,"column":13},"end":{"line":59,"column":7}}],"line":47},"8":{"loc":{"start":{"line":47,"column":10},"end":{"line":47,"column":52}},"type":"binary-expr","locations":[{"start":{"line":47,"column":10},"end":{"line":47,"column":26}},{"start":{"line":47,"column":30},"end":{"line":47,"column":52}}],"line":47},"9":{"loc":{"start":{"line":49,"column":19},"end":{"line":49,"column":97}},"type":"cond-expr","locations":[{"start":{"line":49,"column":35},"end":{"line":49,"column":56}},{"start":{"line":49,"column":59},"end":{"line":49,"column":97}}],"line":49},"10":{"loc":{"start":{"line":50,"column":22},"end":{"line":50,"column":46}},"type":"binary-expr","locations":[{"start":{"line":50,"column":22},"end":{"line":50,"column":41}},{"start":{"line":50,"column":45},"end":{"line":50,"column":46}}],"line":50},"11":{"loc":{"start":{"line":54,"column":8},"end":{"line":57,"column":9}},"type":"if","locations":[{"start":{"line":54,"column":8},"end":{"line":57,"column":9}},{"start":{},"end":{}}],"line":54},"12":{"loc":{"start":{"line":56,"column":21},"end":{"line":56,"column":73}},"type":"binary-expr","locations":[{"start":{"line":56,"column":21},"end":{"line":56,"column":44}},{"start":{"line":56,"column":48},"end":{"line":56,"column":73}}],"line":56},"13":{"loc":{"start":{"line":61,"column":27},"end":{"line":61,"column":115}},"type":"binary-expr","locations":[{"start":{"line":61,"column":27},"end":{"line":61,"column":54}},{"start":{"line":61,"column":58},"end":{"line":61,"column":69}},{"start":{"line":61,"column":73},"end":{"line":61,"column":115}}],"line":61},"14":{"loc":{"start":{"line":62,"column":7},"end":{"line":65,"column":8}},"type":"if","locations":[{"start":{"line":62,"column":7},"end":{"line":65,"column":8}},{"start":{},"end":{}}],"line":62},"15":{"loc":{"start":{"line":69,"column":6},"end":{"line":73,"column":7}},"type":"if","locations":[{"start":{"line":69,"column":6},"end":{"line":73,"column":7}},{"start":{"line":71,"column":13},"end":{"line":73,"column":7}}],"line":69},"16":{"loc":{"start":{"line":69,"column":10},"end":{"line":69,"column":38}},"type":"binary-expr","locations":[{"start":{"line":69,"column":10},"end":{"line":69,"column":21}},{"start":{"line":69,"column":25},"end":{"line":69,"column":38}}],"line":69},"17":{"loc":{"start":{"line":71,"column":13},"end":{"line":73,"column":7}},"type":"if","locations":[{"start":{"line":71,"column":13},"end":{"line":73,"column":7}},{"start":{},"end":{}}],"line":71},"18":{"loc":{"start":{"line":90,"column":4},"end":{"line":92,"column":5}},"type":"if","locations":[{"start":{"line":90,"column":4},"end":{"line":92,"column":5}},{"start":{},"end":{}}],"line":90},"19":{"loc":{"start":{"line":90,"column":8},"end":{"line":90,"column":56}},"type":"binary-expr","locations":[{"start":{"line":90,"column":8},"end":{"line":90,"column":18}},{"start":{"line":90,"column":22},"end":{"line":90,"column":35}},{"start":{"line":90,"column":39},"end":{"line":90,"column":56}}],"line":90},"20":{"loc":{"start":{"line":106,"column":39},"end":{"line":106,"column":110}},"type":"cond-expr","locations":[{"start":{"line":106,"column":51},"end":{"line":106,"column":93}},{"start":{"line":106,"column":96},"end":{"line":106,"column":110}}],"line":106},"21":{"loc":{"start":{"line":107,"column":41},"end":{"line":107,"column":114}},"type":"cond-expr","locations":[{"start":{"line":107,"column":71},"end":{"line":107,"column":93}},{"start":{"line":107,"column":96},"end":{"line":107,"column":114}}],"line":107},"22":{"loc":{"start":{"line":108,"column":11},"end":{"line":108,"column":31}},"type":"binary-expr","locations":[{"start":{"line":108,"column":11},"end":{"line":108,"column":22}},{"start":{"line":108,"column":26},"end":{"line":108,"column":31}}],"line":108},"23":{"loc":{"start":{"line":113,"column":40},"end":{"line":113,"column":98}},"type":"cond-expr","locations":[{"start":{"line":113,"column":68},"end":{"line":113,"column":90}},{"start":{"line":113,"column":93},"end":{"line":113,"column":98}}],"line":113},"24":{"loc":{"start":{"line":118,"column":40},"end":{"line":118,"column":114}},"type":"cond-expr","locations":[{"start":{"line":118,"column":67},"end":{"line":118,"column":106}},{"start":{"line":118,"column":109},"end":{"line":118,"column":114}}],"line":118},"25":{"loc":{"start":{"line":125,"column":4},"end":{"line":131,"column":5}},"type":"if","locations":[{"start":{"line":125,"column":4},"end":{"line":131,"column":5}},{"start":{},"end":{}}],"line":125},"26":{"loc":{"start":{"line":125,"column":8},"end":{"line":125,"column":56}},"type":"binary-expr","locations":[{"start":{"line":125,"column":8},"end":{"line":125,"column":18}},{"start":{"line":125,"column":22},"end":{"line":125,"column":35}},{"start":{"line":125,"column":39},"end":{"line":125,"column":56}}],"line":125},"27":{"loc":{"start":{"line":137,"column":4},"end":{"line":137,"column":47}},"type":"if","locations":[{"start":{"line":137,"column":4},"end":{"line":137,"column":47}},{"start":{},"end":{}}],"line":137},"28":{"loc":{"start":{"line":137,"column":8},"end":{"line":137,"column":33}},"type":"binary-expr","locations":[{"start":{"line":137,"column":8},"end":{"line":137,"column":17}},{"start":{"line":137,"column":21},"end":{"line":137,"column":33}}],"line":137},"29":{"loc":{"start":{"line":139,"column":20},"end":{"line":143,"column":44}},"type":"cond-expr","locations":[{"start":{"line":140,"column":10},"end":{"line":140,"column":15}},{"start":{"line":141,"column":10},"end":{"line":143,"column":44}}],"line":139},"30":{"loc":{"start":{"line":141,"column":10},"end":{"line":143,"column":44}},"type":"cond-expr","locations":[{"start":{"line":142,"column":14},"end":{"line":142,"column":68}},{"start":{"line":143,"column":14},"end":{"line":143,"column":44}}],"line":141},"31":{"loc":{"start":{"line":149,"column":21},"end":{"line":149,"column":66}},"type":"cond-expr","locations":[{"start":{"line":149,"column":31},"end":{"line":149,"column":47}},{"start":{"line":149,"column":50},"end":{"line":149,"column":66}}],"line":149},"32":{"loc":{"start":{"line":176,"column":7},"end":{"line":178,"column":7}},"type":"binary-expr","locations":[{"start":{"line":176,"column":7},"end":{"line":176,"column":16}},{"start":{"line":176,"column":20},"end":{"line":176,"column":40}},{"start":{"line":177,"column":10},"end":{"line":177,"column":113}}],"line":176},"33":{"loc":{"start":{"line":183,"column":32},"end":{"line":183,"column":79}},"type":"binary-expr","locations":[{"start":{"line":183,"column":32},"end":{"line":183,"column":51}},{"start":{"line":183,"column":55},"end":{"line":183,"column":79}}],"line":183},"34":{"loc":{"start":{"line":198,"column":15},"end":{"line":198,"column":75}},"type":"cond-expr","locations":[{"start":{"line":198,"column":51},"end":{"line":198,"column":70}},{"start":{"line":198,"column":73},"end":{"line":198,"column":75}}],"line":198},"35":{"loc":{"start":{"line":198,"column":15},"end":{"line":198,"column":48}},"type":"binary-expr","locations":[{"start":{"line":198,"column":15},"end":{"line":198,"column":24}},{"start":{"line":198,"column":28},"end":{"line":198,"column":48}}],"line":198}},"s":{"0":0,"1":0,"2":0,"3":0,"4":0,"5":0,"6":0,"7":1,"8":0,"9":0,"10":0,"11":0,"12":0,"13":0,"14":0,"15":0,"16":0,"17":0,"18":0,"19":0,"20":0,"21":0,"22":0,"23":0,"24":0,"25":0,"26":0,"27":0,"28":0,"29":0,"30":0,"31":0,"32":0,"33":0,"34":0,"35":0,"36":0,"37":0,"38":0,"39":0,"40":0,"41":0,"42":0,"43":0,"44":0,"45":0,"46":0,"47":0,"48":0,"49":0,"50":0,"51":0,"52":0,"53":0,"54":0,"55":0,"56":0,"57":0,"58":0,"59":0,"60":0,"61":0,"62":0,"63":0,"64":0,"65":0,"66":1},"f":{"0":0,"1":0,"2":0,"3":0,"4":0,"5":0,"6":0,"7":0,"8":0,"9":0,"10":0,"11":0,"12":0,"13":0},"b":{"0":[0],"1":[0],"2":[0],"3":[0,0],"4":[0,0],"5":[0,0],"6":[0,0],"7":[0,0],"8":[0,0],"9":[0,0],"10":[0,0],"11":[0,0],"12":[0,0],"13":[0,0,0],"14":[0,0],"15":[0,0],"16":[0,0],"17":[0,0],"18":[0,0],"19":[0,0,0],"20":[0,0],"21":[0,0],"22":[0,0],"23":[0,0],"24":[0,0],"25":[0,0],"26":[0,0,0],"27":[0,0],"28":[0,0],"29":[0,0],"30":[0,0],"31":[0,0],"32":[0,0,0],"33":[0,0],"34":[0,0],"35":[0,0]},"_coverageSchema":"1a1c01bbd47fc00a2c39e90264f33305004495a9","hash":"5e44619fab41143698a59e4775c11f471d463601"}
,"/home/ubuntu/CarbonXchange/mobile-frontend/src/screens/Main/MarketDataScreen.js": {"path":"/home/ubuntu/CarbonXchange/mobile-frontend/src/screens/Main/MarketDataScreen.js","statementMap":{"0":{"start":{"line":8,"column":20},"end":{"line":8,"column":50}},"1":{"start":{"line":10,"column":25},"end":{"line":206,"column":1}},"2":{"start":{"line":11,"column":28},"end":{"line":11,"column":42}},"3":{"start":{"line":12,"column":34},"end":{"line":12,"column":48}},"4":{"start":{"line":13,"column":46},"end":{"line":13,"column":61}},"5":{"start":{"line":14,"column":52},"end":{"line":14,"column":67}},"6":{"start":{"line":15,"column":38},"end":{"line":15,"column":52}},"7":{"start":{"line":16,"column":44},"end":{"line":16,"column":58}},"8":{"start":{"line":17,"column":52},"end":{"line":17,"column":67}},"9":{"start":{"line":19,"column":27},"end":{"line":34,"column":8}},"10":{"start":{"line":20,"column":4},"end":{"line":20,"column":28}},"11":{"start":{"line":21,"column":4},"end":{"line":21,"column":24}},"12":{"start":{"line":22,"column":4},"end":{"line":33,"column":5}},"13":{"start":{"line":23,"column":23},"end":{"line":23,"column":45}},"14":{"start":{"line":24,"column":6},"end":{"line":28,"column":7}},"15":{"start":{"line":25,"column":8},"end":{"line":25,"column":32}},"16":{"start":{"line":27,"column":8},"end":{"line":27,"column":81}},"17":{"start":{"line":30,"column":6},"end":{"line":30,"column":108}},"18":{"start":{"line":32,"column":6},"end":{"line":32,"column":31}},"19":{"start":{"line":36,"column":30},"end":{"line":64,"column":8}},"20":{"start":{"line":37,"column":4},"end":{"line":37,"column":31}},"21":{"start":{"line":38,"column":4},"end":{"line":38,"column":27}},"22":{"start":{"line":39,"column":4},"end":{"line":39,"column":22}},"23":{"start":{"line":40,"column":4},"end":{"line":63,"column":5}},"24":{"start":{"line":42,"column":23},"end":{"line":42,"column":76}},"25":{"start":{"line":43,"column":6},"end":{"line":58,"column":7}},"26":{"start":{"line":45,"column":8},"end":{"line":55,"column":9}},"27":{"start":{"line":49,"column":11},"end":{"line":49,"column":74}},"28":{"start":{"line":51,"column":11},"end":{"line":51,"column":124}},"29":{"start":{"line":53,"column":11},"end":{"line":53,"column":107}},"30":{"start":{"line":54,"column":11},"end":{"line":54,"column":92}},"31":{"start":{"line":57,"column":8},"end":{"line":57,"column":87}},"32":{"start":{"line":60,"column":6},"end":{"line":60,"column":114}},"33":{"start":{"line":62,"column":6},"end":{"line":62,"column":34}},"34":{"start":{"line":66,"column":2},"end":{"line":69,"column":65}},"35":{"start":{"line":67,"column":4},"end":{"line":67,"column":23}},"36":{"start":{"line":68,"column":4},"end":{"line":68,"column":43}},"37":{"start":{"line":71,"column":32},"end":{"line":74,"column":3}},"38":{"start":{"line":72,"column":4},"end":{"line":72,"column":36}},"39":{"start":{"line":77,"column":22},"end":{"line":96,"column":3}},"40":{"start":{"line":82,"column":28},"end":{"line":82,"column":199}},"41":{"start":{"line":83,"column":33},"end":{"line":83,"column":59}},"42":{"start":{"line":99,"column":27},"end":{"line":110,"column":3}},"43":{"start":{"line":112,"column":2},"end":{"line":205,"column":4}},"44":{"start":{"line":161,"column":12},"end":{"line":168,"column":31}},"45":{"start":{"line":164,"column":29},"end":{"line":164,"column":54}},"46":{"start":{"line":177,"column":99},"end":{"line":177,"column":137}},"47":{"start":{"line":209,"column":15},"end":{"line":317,"column":2}}},"fnMap":{"0":{"name":"(anonymous_0)","decl":{"start":{"line":10,"column":25},"end":{"line":10,"column":26}},"loc":{"start":{"line":10,"column":31},"end":{"line":206,"column":1}},"line":10},"1":{"name":"(anonymous_1)","decl":{"start":{"line":19,"column":39},"end":{"line":19,"column":40}},"loc":{"start":{"line":19,"column":51},"end":{"line":34,"column":3}},"line":19},"2":{"name":"(anonymous_2)","decl":{"start":{"line":36,"column":42},"end":{"line":36,"column":43}},"loc":{"start":{"line":36,"column":71},"end":{"line":64,"column":3}},"line":36},"3":{"name":"(anonymous_3)","decl":{"start":{"line":66,"column":12},"end":{"line":66,"column":13}},"loc":{"start":{"line":66,"column":18},"end":{"line":69,"column":3}},"line":66},"4":{"name":"(anonymous_4)","decl":{"start":{"line":71,"column":32},"end":{"line":71,"column":33}},"loc":{"start":{"line":71,"column":47},"end":{"line":74,"column":3}},"line":71},"5":{"name":"(anonymous_5)","decl":{"start":{"line":82,"column":11},"end":{"line":82,"column":12}},"loc":{"start":{"line":82,"column":28},"end":{"line":82,"column":199}},"line":82},"6":{"name":"(anonymous_6)","decl":{"start":{"line":83,"column":16},"end":{"line":83,"column":17}},"loc":{"start":{"line":83,"column":33},"end":{"line":83,"column":59}},"line":83},"7":{"name":"(anonymous_7)","decl":{"start":{"line":160,"column":36},"end":{"line":160,"column":37}},"loc":{"start":{"line":161,"column":12},"end":{"line":168,"column":31}},"line":161},"8":{"name":"(anonymous_8)","decl":{"start":{"line":164,"column":23},"end":{"line":164,"column":24}},"loc":{"start":{"line":164,"column":29},"end":{"line":164,"column":54}},"line":164},"9":{"name":"(anonymous_9)","decl":{"start":{"line":177,"column":93},"end":{"line":177,"column":94}},"loc":{"start":{"line":177,"column":99},"end":{"line":177,"column":137}},"line":177}},"branchMap":{"0":{"loc":{"start":{"line":24,"column":6},"end":{"line":28,"column":7}},"type":"if","locations":[{"start":{"line":24,"column":6},"end":{"line":28,"column":7}},{"start":{"line":26,"column":13},"end":{"line":28,"column":7}}],"line":24},"1":{"loc":{"start":{"line":24,"column":10},"end":{"line":24,"column":43}},"type":"binary-expr","locations":[{"start":{"line":24,"column":10},"end":{"line":24,"column":26}},{"start":{"line":24,"column":30},"end":{"line":24,"column":43}}],"line":24},"2":{"loc":{"start":{"line":27,"column":22},"end":{"line":27,"column":79}},"type":"binary-expr","locations":[{"start":{"line":27,"column":22},"end":{"line":27,"column":45}},{"start":{"line":27,"column":49},"end":{"line":27,"column":79}}],"line":27},"3":{"loc":{"start":{"line":30,"column":20},"end":{"line":30,"column":106}},"type":"binary-expr","locations":[{"start":{"line":30,"column":20},"end":{"line":30,"column":47}},{"start":{"line":30,"column":51},"end":{"line":30,"column":62}},{"start":{"line":30,"column":66},"end":{"line":30,"column":106}}],"line":30},"4":{"loc":{"start":{"line":36,"column":49},"end":{"line":36,"column":66}},"type":"default-arg","locations":[{"start":{"line":36,"column":61},"end":{"line":36,"column":66}}],"line":36},"5":{"loc":{"start":{"line":43,"column":6},"end":{"line":58,"column":7}},"type":"if","locations":[{"start":{"line":43,"column":6},"end":{"line":58,"column":7}},{"start":{"line":56,"column":13},"end":{"line":58,"column":7}}],"line":43},"6":{"loc":{"start":{"line":43,"column":10},"end":{"line":43,"column":43}},"type":"binary-expr","locations":[{"start":{"line":43,"column":10},"end":{"line":43,"column":26}},{"start":{"line":43,"column":30},"end":{"line":43,"column":43}}],"line":43},"7":{"loc":{"start":{"line":45,"column":8},"end":{"line":55,"column":9}},"type":"if","locations":[{"start":{"line":45,"column":8},"end":{"line":55,"column":9}},{"start":{"line":50,"column":15},"end":{"line":55,"column":9}}],"line":45},"8":{"loc":{"start":{"line":45,"column":12},"end":{"line":48,"column":81}},"type":"binary-expr","locations":[{"start":{"line":45,"column":12},"end":{"line":45,"column":32}},{"start":{"line":45,"column":36},"end":{"line":45,"column":67}},{"start":{"line":46,"column":12},"end":{"line":46,"column":34}},{"start":{"line":46,"column":38},"end":{"line":46,"column":71}},{"start":{"line":47,"column":12},"end":{"line":47,"column":43}},{"start":{"line":47,"column":47},"end":{"line":47,"column":88}},{"start":{"line":48,"column":12},"end":{"line":48,"column":81}}],"line":45},"9":{"loc":{"start":{"line":57,"column":25},"end":{"line":57,"column":85}},"type":"binary-expr","locations":[{"start":{"line":57,"column":25},"end":{"line":57,"column":48}},{"start":{"line":57,"column":52},"end":{"line":57,"column":85}}],"line":57},"10":{"loc":{"start":{"line":60,"column":23},"end":{"line":60,"column":112}},"type":"binary-expr","locations":[{"start":{"line":60,"column":23},"end":{"line":60,"column":50}},{"start":{"line":60,"column":54},"end":{"line":60,"column":65}},{"start":{"line":60,"column":69},"end":{"line":60,"column":112}}],"line":60},"11":{"loc":{"start":{"line":82,"column":12},"end":{"line":82,"column":23}},"type":"default-arg","locations":[{"start":{"line":82,"column":22},"end":{"line":82,"column":23}}],"line":82},"12":{"loc":{"start":{"line":83,"column":17},"end":{"line":83,"column":28}},"type":"default-arg","locations":[{"start":{"line":83,"column":27},"end":{"line":83,"column":28}}],"line":83},"13":{"loc":{"start":{"line":119,"column":9},"end":{"line":151,"column":9}},"type":"cond-expr","locations":[{"start":{"line":120,"column":10},"end":{"line":120,"column":60}},{"start":{"line":121,"column":12},"end":{"line":151,"column":9}}],"line":119},"14":{"loc":{"start":{"line":121,"column":12},"end":{"line":151,"column":9}},"type":"cond-expr","locations":[{"start":{"line":122,"column":10},"end":{"line":127,"column":17}},{"start":{"line":128,"column":12},"end":{"line":151,"column":9}}],"line":121},"15":{"loc":{"start":{"line":128,"column":12},"end":{"line":151,"column":9}},"type":"cond-expr","locations":[{"start":{"line":129,"column":10},"end":{"line":148,"column":17}},{"start":{"line":150,"column":10},"end":{"line":150,"column":78}}],"line":128},"16":{"loc":{"start":{"line":132,"column":47},"end":{"line":132,"column":86}},"type":"binary-expr","locations":[{"start":{"line":132,"column":47},"end":{"line":132,"column":77}},{"start":{"line":132,"column":81},"end":{"line":132,"column":86}}],"line":132},"17":{"loc":{"start":{"line":136,"column":46},"end":{"line":136,"column":119}},"type":"cond-expr","locations":[{"start":{"line":136,"column":74},"end":{"line":136,"column":95}},{"start":{"line":136,"column":98},"end":{"line":136,"column":119}}],"line":136},"18":{"loc":{"start":{"line":137,"column":17},"end":{"line":137,"column":58}},"type":"binary-expr","locations":[{"start":{"line":137,"column":17},"end":{"line":137,"column":49}},{"start":{"line":137,"column":53},"end":{"line":137,"column":58}}],"line":137},"19":{"loc":{"start":{"line":142,"column":46},"end":{"line":142,"column":88}},"type":"binary-expr","locations":[{"start":{"line":142,"column":46},"end":{"line":142,"column":79}},{"start":{"line":142,"column":83},"end":{"line":142,"column":88}}],"line":142},"20":{"loc":{"start":{"line":146,"column":46},"end":{"line":146,"column":90}},"type":"binary-expr","locations":[{"start":{"line":146,"column":46},"end":{"line":146,"column":81}},{"start":{"line":146,"column":85},"end":{"line":146,"column":90}}],"line":146},"21":{"loc":{"start":{"line":163,"column":46},"end":{"line":163,"column":96}},"type":"binary-expr","locations":[{"start":{"line":163,"column":46},"end":{"line":163,"column":70}},{"start":{"line":163,"column":74},"end":{"line":163,"column":96}}],"line":163},"22":{"loc":{"start":{"line":167,"column":50},"end":{"line":167,"column":104}},"type":"binary-expr","locations":[{"start":{"line":167,"column":50},"end":{"line":167,"column":74}},{"start":{"line":167,"column":78},"end":{"line":167,"column":104}}],"line":167},"23":{"loc":{"start":{"line":172,"column":9},"end":{"line":202,"column":9}},"type":"cond-expr","locations":[{"start":{"line":173,"column":10},"end":{"line":173,"column":117}},{"start":{"line":174,"column":12},"end":{"line":202,"column":9}}],"line":172},"24":{"loc":{"start":{"line":174,"column":12},"end":{"line":202,"column":9}},"type":"cond-expr","locations":[{"start":{"line":175,"column":11},"end":{"line":180,"column":17}},{"start":{"line":181,"column":12},"end":{"line":202,"column":9}}],"line":174},"25":{"loc":{"start":{"line":181,"column":12},"end":{"line":202,"column":9}},"type":"cond-expr","locations":[{"start":{"line":182,"column":10},"end":{"line":196,"column":17}},{"start":{"line":199,"column":10},"end":{"line":201,"column":17}}],"line":181},"26":{"loc":{"start":{"line":200,"column":13},"end":{"line":200,"column":136}},"type":"cond-expr","locations":[{"start":{"line":200,"column":69},"end":{"line":200,"column":104}},{"start":{"line":200,"column":107},"end":{"line":200,"column":136}}],"line":200},"27":{"loc":{"start":{"line":200,"column":13},"end":{"line":200,"column":66}},"type":"binary-expr","locations":[{"start":{"line":200,"column":13},"end":{"line":200,"column":48}},{"start":{"line":200,"column":52},"end":{"line":200,"column":66}}],"line":200}},"s":{"0":1,"1":1,"2":0,"3":0,"4":0,"5":0,"6":0,"7":0,"8":0,"9":0,"10":0,"11":0,"12":0,"13":0,"14":0,"15":0,"16":0,"17":0,"18":0,"19":0,"20":0,"21":0,"22":0,"23":0,"24":0,"25":0,"26":0,"27":0,"28":0,"29":0,"30":0,"31":0,"32":0,"33":0,"34":0,"35":0,"36":0,"37":0,"38":0,"39":0,"40":0,"41":0,"42":0,"43":0,"44":0,"45":0,"46":0,"47":1},"f":{"0":0,"1":0,"2":0,"3":0,"4":0,"5":0,"6":0,"7":0,"8":0,"9":0},"b":{"0":[0,0],"1":[0,0],"2":[0,0],"3":[0,0,0],"4":[0],"5":[0,0],"6":[0,0],"7":[0,0],"8":[0,0,0,0,0,0,0],"9":[0,0],"10":[0,0,0],"11":[0],"12":[0],"13":[0,0],"14":[0,0],"15":[0,0],"16":[0,0],"17":[0,0],"18":[0,0],"19":[0,0],"20":[0,0],"21":[0,0],"22":[0,0],"23":[0,0],"24":[0,0],"25":[0,0],"26":[0,0],"27":[0,0]},"_coverageSchema":"1a1c01bbd47fc00a2c39e90264f33305004495a9","hash":"a39e0de34ef36a441b84545e826a46dd6c75fad1"}
,"/home/ubuntu/CarbonXchange/mobile-frontend/src/screens/Main/TradeHistoryScreen.js": {"path":"/home/ubuntu/CarbonXchange/mobile-frontend/src/screens/Main/TradeHistoryScreen.js","statementMap":{"0":{"start":{"line":6,"column":27},"end":{"line":145,"column":1}},"1":{"start":{"line":7,"column":30},"end":{"line":7,"column":42}},"2":{"start":{"line":8,"column":36},"end":{"line":8,"column":51}},"3":{"start":{"line":9,"column":42},"end":{"line":9,"column":57}},"4":{"start":{"line":10,"column":28},"end":{"line":10,"column":42}},"5":{"start":{"line":11,"column":26},"end":{"line":11,"column":37}},"6":{"start":{"line":12,"column":38},"end":{"line":12,"column":49}},"7":{"start":{"line":14,"column":26},"end":{"line":49,"column":14}},"8":{"start":{"line":15,"column":4},"end":{"line":19,"column":5}},"9":{"start":{"line":16,"column":6},"end":{"line":16,"column":25}},"10":{"start":{"line":17,"column":11},"end":{"line":19,"column":5}},"11":{"start":{"line":18,"column":6},"end":{"line":18,"column":28}},"12":{"start":{"line":20,"column":4},"end":{"line":20,"column":19}},"13":{"start":{"line":22,"column":4},"end":{"line":48,"column":5}},"14":{"start":{"line":23,"column":23},"end":{"line":23,"column":72}},"15":{"start":{"line":24,"column":6},"end":{"line":34,"column":7}},"16":{"start":{"line":25,"column":8},"end":{"line":25,"column":95}},"17":{"start":{"line":26,"column":8},"end":{"line":26,"column":48}},"18":{"start":{"line":27,"column":8},"end":{"line":27,"column":25}},"19":{"start":{"line":29,"column":8},"end":{"line":32,"column":9}},"20":{"start":{"line":30,"column":12},"end":{"line":30,"column":26}},"21":{"start":{"line":31,"column":12},"end":{"line":31,"column":81}},"22":{"start":{"line":33,"column":8},"end":{"line":33,"column":77}},"23":{"start":{"line":36,"column":27},"end":{"line":36,"column":121}},"24":{"start":{"line":37,"column":6},"end":{"line":40,"column":7}},"25":{"start":{"line":38,"column":10},"end":{"line":38,"column":24}},"26":{"start":{"line":39,"column":10},"end":{"line":39,"column":33}},"27":{"start":{"line":41,"column":6},"end":{"line":41,"column":58}},"28":{"start":{"line":43,"column":6},"end":{"line":47,"column":7}},"29":{"start":{"line":44,"column":8},"end":{"line":44,"column":28}},"30":{"start":{"line":45,"column":13},"end":{"line":47,"column":7}},"31":{"start":{"line":46,"column":8},"end":{"line":46,"column":31}},"32":{"start":{"line":51,"column":2},"end":{"line":61,"column":36}},"33":{"start":{"line":53,"column":24},"end":{"line":55,"column":6}},"34":{"start":{"line":54,"column":6},"end":{"line":54,"column":25}},"35":{"start":{"line":58,"column":4},"end":{"line":58,"column":23}},"36":{"start":{"line":60,"column":4},"end":{"line":60,"column":23}},"37":{"start":{"line":63,"column":25},"end":{"line":67,"column":3}},"38":{"start":{"line":64,"column":4},"end":{"line":66,"column":5}},"39":{"start":{"line":65,"column":6},"end":{"line":65,"column":32}},"40":{"start":{"line":69,"column":20},"end":{"line":71,"column":3}},"41":{"start":{"line":70,"column":4},"end":{"line":70,"column":29}},"42":{"start":{"line":73,"column":26},"end":{"line":88,"column":3}},"43":{"start":{"line":74,"column":4},"end":{"line":87,"column":11}},"44":{"start":{"line":90,"column":23},"end":{"line":96,"column":3}},"45":{"start":{"line":92,"column":4},"end":{"line":94,"column":5}},"46":{"start":{"line":93,"column":9},"end":{"line":93,"column":125}},"47":{"start":{"line":95,"column":4},"end":{"line":95,"column":16}},"48":{"start":{"line":98,"column":22},"end":{"line":114,"column":3}},"49":{"start":{"line":99,"column":4},"end":{"line":99,"column":47}},"50":{"start":{"line":99,"column":35},"end":{"line":99,"column":47}},"51":{"start":{"line":100,"column":20},"end":{"line":100,"column":61}},"52":{"start":{"line":101,"column":20},"end":{"line":101,"column":27}},"53":{"start":{"line":103,"column":4},"end":{"line":113,"column":6}},"54":{"start":{"line":116,"column":2},"end":{"line":144,"column":4}},"55":{"start":{"line":127,"column":32},"end":{"line":127,"column":79}},"56":{"start":{"line":148,"column":15},"end":{"line":238,"column":2}}},"fnMap":{"0":{"name":"(anonymous_0)","decl":{"start":{"line":6,"column":27},"end":{"line":6,"column":28}},"loc":{"start":{"line":6,"column":47},"end":{"line":145,"column":1}},"line":6},"1":{"name":"(anonymous_1)","decl":{"start":{"line":14,"column":38},"end":{"line":14,"column":39}},"loc":{"start":{"line":14,"column":81},"end":{"line":49,"column":3}},"line":14},"2":{"name":"(anonymous_2)","decl":{"start":{"line":51,"column":12},"end":{"line":51,"column":13}},"loc":{"start":{"line":51,"column":18},"end":{"line":61,"column":3}},"line":51},"3":{"name":"(anonymous_3)","decl":{"start":{"line":53,"column":56},"end":{"line":53,"column":57}},"loc":{"start":{"line":53,"column":62},"end":{"line":55,"column":5}},"line":53},"4":{"name":"(anonymous_4)","decl":{"start":{"line":63,"column":25},"end":{"line":63,"column":26}},"loc":{"start":{"line":63,"column":31},"end":{"line":67,"column":3}},"line":63},"5":{"name":"(anonymous_5)","decl":{"start":{"line":69,"column":20},"end":{"line":69,"column":21}},"loc":{"start":{"line":69,"column":26},"end":{"line":71,"column":3}},"line":69},"6":{"name":"(anonymous_6)","decl":{"start":{"line":73,"column":26},"end":{"line":73,"column":27}},"loc":{"start":{"line":74,"column":4},"end":{"line":87,"column":11}},"line":74},"7":{"name":"(anonymous_7)","decl":{"start":{"line":90,"column":23},"end":{"line":90,"column":24}},"loc":{"start":{"line":90,"column":29},"end":{"line":96,"column":3}},"line":90},"8":{"name":"(anonymous_8)","decl":{"start":{"line":98,"column":22},"end":{"line":98,"column":23}},"loc":{"start":{"line":98,"column":28},"end":{"line":114,"column":3}},"line":98},"9":{"name":"(anonymous_9)","decl":{"start":{"line":127,"column":22},"end":{"line":127,"column":23}},"loc":{"start":{"line":127,"column":32},"end":{"line":127,"column":79}},"line":127}},"branchMap":{"0":{"loc":{"start":{"line":14,"column":45},"end":{"line":14,"column":56}},"type":"default-arg","locations":[{"start":{"line":14,"column":55},"end":{"line":14,"column":56}}],"line":14},"1":{"loc":{"start":{"line":14,"column":58},"end":{"line":14,"column":76}},"type":"default-arg","locations":[{"start":{"line":14,"column":71},"end":{"line":14,"column":76}}],"line":14},"2":{"loc":{"start":{"line":15,"column":4},"end":{"line":19,"column":5}},"type":"if","locations":[{"start":{"line":15,"column":4},"end":{"line":19,"column":5}},{"start":{"line":17,"column":11},"end":{"line":19,"column":5}}],"line":15},"3":{"loc":{"start":{"line":15,"column":8},"end":{"line":15,"column":36}},"type":"binary-expr","locations":[{"start":{"line":15,"column":8},"end":{"line":15,"column":19}},{"start":{"line":15,"column":23},"end":{"line":15,"column":36}}],"line":15},"4":{"loc":{"start":{"line":17,"column":11},"end":{"line":19,"column":5}},"type":"if","locations":[{"start":{"line":17,"column":11},"end":{"line":19,"column":5}},{"start":{},"end":{}}],"line":17},"5":{"loc":{"start":{"line":24,"column":6},"end":{"line":34,"column":7}},"type":"if","locations":[{"start":{"line":24,"column":6},"end":{"line":34,"column":7}},{"start":{"line":28,"column":13},"end":{"line":34,"column":7}}],"line":24},"6":{"loc":{"start":{"line":24,"column":10},"end":{"line":24,"column":51}},"type":"binary-expr","locations":[{"start":{"line":24,"column":10},"end":{"line":24,"column":26}},{"start":{"line":24,"column":30},"end":{"line":24,"column":51}}],"line":24},"7":{"loc":{"start":{"line":25,"column":18},"end":{"line":25,"column":93}},"type":"cond-expr","locations":[{"start":{"line":25,"column":34},"end":{"line":25,"column":54}},{"start":{"line":25,"column":57},"end":{"line":25,"column":93}}],"line":25},"8":{"loc":{"start":{"line":26,"column":22},"end":{"line":26,"column":46}},"type":"binary-expr","locations":[{"start":{"line":26,"column":22},"end":{"line":26,"column":41}},{"start":{"line":26,"column":45},"end":{"line":26,"column":46}}],"line":26},"9":{"loc":{"start":{"line":29,"column":8},"end":{"line":32,"column":9}},"type":"if","locations":[{"start":{"line":29,"column":8},"end":{"line":32,"column":9}},{"start":{},"end":{}}],"line":29},"10":{"loc":{"start":{"line":31,"column":21},"end":{"line":31,"column":79}},"type":"binary-expr","locations":[{"start":{"line":31,"column":21},"end":{"line":31,"column":44}},{"start":{"line":31,"column":48},"end":{"line":31,"column":79}}],"line":31},"11":{"loc":{"start":{"line":36,"column":27},"end":{"line":36,"column":121}},"type":"binary-expr","locations":[{"start":{"line":36,"column":27},"end":{"line":36,"column":54}},{"start":{"line":36,"column":58},"end":{"line":36,"column":69}},{"start":{"line":36,"column":73},"end":{"line":36,"column":121}}],"line":36},"12":{"loc":{"start":{"line":37,"column":6},"end":{"line":40,"column":7}},"type":"if","locations":[{"start":{"line":37,"column":6},"end":{"line":40,"column":7}},{"start":{},"end":{}}],"line":37},"13":{"loc":{"start":{"line":43,"column":6},"end":{"line":47,"column":7}},"type":"if","locations":[{"start":{"line":43,"column":6},"end":{"line":47,"column":7}},{"start":{"line":45,"column":13},"end":{"line":47,"column":7}}],"line":43},"14":{"loc":{"start":{"line":43,"column":10},"end":{"line":43,"column":38}},"type":"binary-expr","locations":[{"start":{"line":43,"column":10},"end":{"line":43,"column":21}},{"start":{"line":43,"column":25},"end":{"line":43,"column":38}}],"line":43},"15":{"loc":{"start":{"line":45,"column":13},"end":{"line":47,"column":7}},"type":"if","locations":[{"start":{"line":45,"column":13},"end":{"line":47,"column":7}},{"start":{},"end":{}}],"line":45},"16":{"loc":{"start":{"line":64,"column":4},"end":{"line":66,"column":5}},"type":"if","locations":[{"start":{"line":64,"column":4},"end":{"line":66,"column":5}},{"start":{},"end":{}}],"line":64},"17":{"loc":{"start":{"line":64,"column":8},"end":{"line":64,"column":56}},"type":"binary-expr","locations":[{"start":{"line":64,"column":8},"end":{"line":64,"column":18}},{"start":{"line":64,"column":22},"end":{"line":64,"column":35}},{"start":{"line":64,"column":39},"end":{"line":64,"column":56}}],"line":64},"18":{"loc":{"start":{"line":76,"column":44},"end":{"line":76,"column":98}},"type":"cond-expr","locations":[{"start":{"line":76,"column":66},"end":{"line":76,"column":80}},{"start":{"line":76,"column":83},"end":{"line":76,"column":98}}],"line":76},"19":{"loc":{"start":{"line":77,"column":11},"end":{"line":77,"column":44}},"type":"binary-expr","locations":[{"start":{"line":77,"column":11},"end":{"line":77,"column":35}},{"start":{"line":77,"column":39},"end":{"line":77,"column":44}}],"line":77},"20":{"loc":{"start":{"line":81,"column":91},"end":{"line":81,"column":113}},"type":"binary-expr","locations":[{"start":{"line":81,"column":91},"end":{"line":81,"column":104}},{"start":{"line":81,"column":108},"end":{"line":81,"column":113}}],"line":81},"21":{"loc":{"start":{"line":86,"column":52},"end":{"line":86,"column":72}},"type":"binary-expr","locations":[{"start":{"line":86,"column":52},"end":{"line":86,"column":63}},{"start":{"line":86,"column":67},"end":{"line":86,"column":72}}],"line":86},"22":{"loc":{"start":{"line":92,"column":4},"end":{"line":94,"column":5}},"type":"if","locations":[{"start":{"line":92,"column":4},"end":{"line":94,"column":5}},{"start":{},"end":{}}],"line":92},"23":{"loc":{"start":{"line":92,"column":8},"end":{"line":92,"column":56}},"type":"binary-expr","locations":[{"start":{"line":92,"column":8},"end":{"line":92,"column":18}},{"start":{"line":92,"column":22},"end":{"line":92,"column":35}},{"start":{"line":92,"column":39},"end":{"line":92,"column":56}}],"line":92},"24":{"loc":{"start":{"line":99,"column":4},"end":{"line":99,"column":47}},"type":"if","locations":[{"start":{"line":99,"column":4},"end":{"line":99,"column":47}},{"start":{},"end":{}}],"line":99},"25":{"loc":{"start":{"line":99,"column":8},"end":{"line":99,"column":33}},"type":"binary-expr","locations":[{"start":{"line":99,"column":8},"end":{"line":99,"column":17}},{"start":{"line":99,"column":21},"end":{"line":99,"column":33}}],"line":99},"26":{"loc":{"start":{"line":100,"column":20},"end":{"line":100,"column":61}},"type":"cond-expr","locations":[{"start":{"line":100,"column":28},"end":{"line":100,"column":33}},{"start":{"line":100,"column":36},"end":{"line":100,"column":61}}],"line":100},"27":{"loc":{"start":{"line":105,"column":21},"end":{"line":105,"column":66}},"type":"cond-expr","locations":[{"start":{"line":105,"column":31},"end":{"line":105,"column":47}},{"start":{"line":105,"column":50},"end":{"line":105,"column":66}}],"line":105},"28":{"loc":{"start":{"line":120,"column":7},"end":{"line":122,"column":7}},"type":"binary-expr","locations":[{"start":{"line":120,"column":7},"end":{"line":120,"column":16}},{"start":{"line":120,"column":20},"end":{"line":120,"column":39}},{"start":{"line":121,"column":10},"end":{"line":121,"column":113}}],"line":120},"29":{"loc":{"start":{"line":127,"column":32},"end":{"line":127,"column":79}},"type":"binary-expr","locations":[{"start":{"line":127,"column":32},"end":{"line":127,"column":51}},{"start":{"line":127,"column":55},"end":{"line":127,"column":79}}],"line":127},"30":{"loc":{"start":{"line":141,"column":15},"end":{"line":141,"column":74}},"type":"cond-expr","locations":[{"start":{"line":141,"column":50},"end":{"line":141,"column":69}},{"start":{"line":141,"column":72},"end":{"line":141,"column":74}}],"line":141},"31":{"loc":{"start":{"line":141,"column":15},"end":{"line":141,"column":47}},"type":"binary-expr","locations":[{"start":{"line":141,"column":15},"end":{"line":141,"column":24}},{"start":{"line":141,"column":28},"end":{"line":141,"column":47}}],"line":141}},"s":{"0":1,"1":0,"2":0,"3":0,"4":0,"5":0,"6":0,"7":0,"8":0,"9":0,"10":0,"11":0,"12":0,"13":0,"14":0,"15":0,"16":0,"17":0,"18":0,"19":0,"20":0,"21":0,"22":0,"23":0,"24":0,"25":0,"26":0,"27":0,"28":0,"29":0,"30":0,"31":0,"32":0,"33":0,"34":0,"35":0,"36":0,"37":0,"38":0,"39":0,"40":0,"41":0,"42":0,"43":0,"44":0,"45":0,"46":0,"47":0,"48":0,"49":0,"50":0,"51":0,"52":0,"53":0,"54":0,"55":0,"56":1},"f":{"0":0,"1":0,"2":0,"3":0,"4":0,"5":0,"6":0,"7":0,"8":0,"9":0},"b":{"0":[0],"1":[0],"2":[0,0],"3":[0,0],"4":[0,0],"5":[0,0],"6":[0,0],"7":[0,0],"8":[0,0],"9":[0,0],"10":[0,0],"11":[0,0,0],"12":[0,0],"13":[0,0],"14":[0,0],"15":[0,0],"16":[0,0],"17":[0,0,0],"18":[0,0],"19":[0,0],"20":[0,0],"21":[0,0],"22":[0,0],"23":[0,0,0],"24":[0,0],"25":[0,0],"26":[0,0],"27":[0,0],"28":[0,0,0],"29":[0,0],"30":[0,0],"31":[0,0]},"_coverageSchema":"1a1c01bbd47fc00a2c39e90264f33305004495a9","hash":"cc155aa1f1d7725bbb78499ca43e9d66d6174365"}
,"/home/ubuntu/CarbonXchange/mobile-frontend/src/screens/Main/TradingScreen.js": {"path":"/home/ubuntu/CarbonXchange/mobile-frontend/src/screens/Main/TradingScreen.js","statementMap":{"0":{"start":{"line":6,"column":22},"end":{"line":135,"column":1}},"1":{"start":{"line":7,"column":47},"end":{"line":7,"column":59}},"2":{"start":{"line":8,"column":30},"end":{"line":8,"column":42}},"3":{"start":{"line":9,"column":36},"end":{"line":9,"column":51}},"4":{"start":{"line":10,"column":36},"end":{"line":10,"column":51}},"5":{"start":{"line":11,"column":28},"end":{"line":11,"column":42}},"6":{"start":{"line":13,"column":28},"end":{"line":54,"column":3}},"7":{"start":{"line":14,"column":4},"end":{"line":14,"column":19}},"8":{"start":{"line":15,"column":24},"end":{"line":15,"column":42}},"9":{"start":{"line":17,"column":4},"end":{"line":20,"column":5}},"10":{"start":{"line":18,"column":6},"end":{"line":18,"column":68}},"11":{"start":{"line":19,"column":6},"end":{"line":19,"column":13}},"12":{"start":{"line":23,"column":4},"end":{"line":26,"column":5}},"13":{"start":{"line":24,"column":8},"end":{"line":24,"column":107}},"14":{"start":{"line":25,"column":8},"end":{"line":25,"column":15}},"15":{"start":{"line":29,"column":4},"end":{"line":29,"column":23}},"16":{"start":{"line":30,"column":4},"end":{"line":53,"column":5}},"17":{"start":{"line":31,"column":24},"end":{"line":36,"column":7}},"18":{"start":{"line":37,"column":23},"end":{"line":37,"column":51}},"19":{"start":{"line":38,"column":6},"end":{"line":46,"column":7}},"20":{"start":{"line":39,"column":8},"end":{"line":39,"column":68}},"21":{"start":{"line":41,"column":8},"end":{"line":41,"column":28}},"22":{"start":{"line":43,"column":29},"end":{"line":43,"column":86}},"23":{"start":{"line":44,"column":8},"end":{"line":44,"column":31}},"24":{"start":{"line":45,"column":8},"end":{"line":45,"column":43}},"25":{"start":{"line":48,"column":27},"end":{"line":48,"column":117}},"26":{"start":{"line":49,"column":6},"end":{"line":49,"column":29}},"27":{"start":{"line":50,"column":6},"end":{"line":50,"column":41}},"28":{"start":{"line":52,"column":6},"end":{"line":52,"column":26}},"29":{"start":{"line":56,"column":26},"end":{"line":63,"column":3}},"30":{"start":{"line":57,"column":24},"end":{"line":57,"column":42}},"31":{"start":{"line":58,"column":25},"end":{"line":58,"column":42}},"32":{"start":{"line":59,"column":4},"end":{"line":61,"column":5}},"33":{"start":{"line":60,"column":6},"end":{"line":60,"column":53}},"34":{"start":{"line":62,"column":4},"end":{"line":62,"column":18}},"35":{"start":{"line":65,"column":2},"end":{"line":134,"column":4}},"36":{"start":{"line":95,"column":29},"end":{"line":95,"column":48}},"37":{"start":{"line":101,"column":29},"end":{"line":101,"column":49}},"38":{"start":{"line":138,"column":15},"end":{"line":249,"column":2}}},"fnMap":{"0":{"name":"(anonymous_0)","decl":{"start":{"line":6,"column":22},"end":{"line":6,"column":23}},"loc":{"start":{"line":6,"column":49},"end":{"line":135,"column":1}},"line":6},"1":{"name":"(anonymous_1)","decl":{"start":{"line":13,"column":28},"end":{"line":13,"column":29}},"loc":{"start":{"line":13,"column":40},"end":{"line":54,"column":3}},"line":13},"2":{"name":"(anonymous_2)","decl":{"start":{"line":56,"column":26},"end":{"line":56,"column":27}},"loc":{"start":{"line":56,"column":32},"end":{"line":63,"column":3}},"line":56},"3":{"name":"(anonymous_3)","decl":{"start":{"line":95,"column":23},"end":{"line":95,"column":24}},"loc":{"start":{"line":95,"column":29},"end":{"line":95,"column":48}},"line":95},"4":{"name":"(anonymous_4)","decl":{"start":{"line":101,"column":23},"end":{"line":101,"column":24}},"loc":{"start":{"line":101,"column":29},"end":{"line":101,"column":49}},"line":101}},"branchMap":{"0":{"loc":{"start":{"line":17,"column":4},"end":{"line":20,"column":5}},"type":"if","locations":[{"start":{"line":17,"column":4},"end":{"line":20,"column":5}},{"start":{},"end":{}}],"line":17},"1":{"loc":{"start":{"line":17,"column":8},"end":{"line":17,"column":46}},"type":"binary-expr","locations":[{"start":{"line":17,"column":8},"end":{"line":17,"column":26}},{"start":{"line":17,"column":30},"end":{"line":17,"column":46}}],"line":17},"2":{"loc":{"start":{"line":23,"column":4},"end":{"line":26,"column":5}},"type":"if","locations":[{"start":{"line":23,"column":4},"end":{"line":26,"column":5}},{"start":{},"end":{}}],"line":23},"3":{"loc":{"start":{"line":23,"column":8},"end":{"line":23,"column":94}},"type":"binary-expr","locations":[{"start":{"line":23,"column":8},"end":{"line":23,"column":28}},{"start":{"line":23,"column":32},"end":{"line":23,"column":61}},{"start":{"line":23,"column":65},"end":{"line":23,"column":94}}],"line":23},"4":{"loc":{"start":{"line":38,"column":6},"end":{"line":46,"column":7}},"type":"if","locations":[{"start":{"line":38,"column":6},"end":{"line":46,"column":7}},{"start":{"line":42,"column":13},"end":{"line":46,"column":7}}],"line":38},"5":{"loc":{"start":{"line":43,"column":29},"end":{"line":43,"column":86}},"type":"binary-expr","locations":[{"start":{"line":43,"column":29},"end":{"line":43,"column":52}},{"start":{"line":43,"column":56},"end":{"line":43,"column":86}}],"line":43},"6":{"loc":{"start":{"line":48,"column":27},"end":{"line":48,"column":117}},"type":"binary-expr","locations":[{"start":{"line":48,"column":27},"end":{"line":48,"column":54}},{"start":{"line":48,"column":58},"end":{"line":48,"column":69}},{"start":{"line":48,"column":73},"end":{"line":48,"column":117}}],"line":48},"7":{"loc":{"start":{"line":59,"column":4},"end":{"line":61,"column":5}},"type":"if","locations":[{"start":{"line":59,"column":4},"end":{"line":61,"column":5}},{"start":{},"end":{}}],"line":59},"8":{"loc":{"start":{"line":59,"column":8},"end":{"line":59,"column":70}},"type":"binary-expr","locations":[{"start":{"line":59,"column":8},"end":{"line":59,"column":27}},{"start":{"line":59,"column":31},"end":{"line":59,"column":51}},{"start":{"line":59,"column":55},"end":{"line":59,"column":70}}],"line":59},"9":{"loc":{"start":{"line":67,"column":16},"end":{"line":67,"column":60}},"type":"cond-expr","locations":[{"start":{"line":67,"column":40},"end":{"line":67,"column":49}},{"start":{"line":67,"column":52},"end":{"line":67,"column":60}}],"line":67},"10":{"loc":{"start":{"line":78,"column":87},"end":{"line":78,"column":104}},"type":"binary-expr","locations":[{"start":{"line":78,"column":87},"end":{"line":78,"column":95}},{"start":{"line":78,"column":99},"end":{"line":78,"column":104}}],"line":78},"11":{"loc":{"start":{"line":82,"column":47},"end":{"line":82,"column":84}},"type":"binary-expr","locations":[{"start":{"line":82,"column":47},"end":{"line":82,"column":75}},{"start":{"line":82,"column":79},"end":{"line":82,"column":84}}],"line":82},"12":{"loc":{"start":{"line":84,"column":13},"end":{"line":89,"column":13}},"type":"binary-expr","locations":[{"start":{"line":84,"column":13},"end":{"line":84,"column":42}},{"start":{"line":85,"column":14},"end":{"line":88,"column":21}}],"line":84},"13":{"loc":{"start":{"line":94,"column":46},"end":{"line":94,"column":91}},"type":"binary-expr","locations":[{"start":{"line":94,"column":46},"end":{"line":94,"column":65}},{"start":{"line":94,"column":69},"end":{"line":94,"column":91}}],"line":94},"14":{"loc":{"start":{"line":97,"column":50},"end":{"line":97,"column":99}},"type":"binary-expr","locations":[{"start":{"line":97,"column":50},"end":{"line":97,"column":69}},{"start":{"line":97,"column":73},"end":{"line":97,"column":99}}],"line":97},"15":{"loc":{"start":{"line":100,"column":46},"end":{"line":100,"column":92}},"type":"binary-expr","locations":[{"start":{"line":100,"column":46},"end":{"line":100,"column":66}},{"start":{"line":100,"column":70},"end":{"line":100,"column":92}}],"line":100},"16":{"loc":{"start":{"line":103,"column":50},"end":{"line":103,"column":100}},"type":"binary-expr","locations":[{"start":{"line":103,"column":50},"end":{"line":103,"column":70}},{"start":{"line":103,"column":74},"end":{"line":103,"column":100}}],"line":103},"17":{"loc":{"start":{"line":122,"column":11},"end":{"line":128,"column":11}},"type":"cond-expr","locations":[{"start":{"line":123,"column":12},"end":{"line":123,"column":97}},{"start":{"line":125,"column":12},"end":{"line":127,"column":31}}],"line":122},"18":{"loc":{"start":{"line":126,"column":64},"end":{"line":126,"column":100}},"type":"cond-expr","locations":[{"start":{"line":126,"column":86},"end":{"line":126,"column":91}},{"start":{"line":126,"column":94},"end":{"line":126,"column":100}}],"line":126},"19":{"loc":{"start":{"line":130,"column":11},"end":{"line":130,"column":72}},"type":"binary-expr","locations":[{"start":{"line":130,"column":11},"end":{"line":130,"column":16}},{"start":{"line":130,"column":20},"end":{"line":130,"column":72}}],"line":130}},"s":{"0":1,"1":0,"2":0,"3":0,"4":0,"5":0,"6":0,"7":0,"8":0,"9":0,"10":0,"11":0,"12":0,"13":0,"14":0,"15":0,"16":0,"17":0,"18":0,"19":0,"20":0,"21":0,"22":0,"23":0,"24":0,"25":0,"26":0,"27":0,"28":0,"29":0,"30":0,"31":0,"32":0,"33":0,"34":0,"35":0,"36":0,"37":0,"38":1},"f":{"0":0,"1":0,"2":0,"3":0,"4":0},"b":{"0":[0,0],"1":[0,0],"2":[0,0],"3":[0,0,0],"4":[0,0],"5":[0,0],"6":[0,0,0],"7":[0,0],"8":[0,0,0],"9":[0,0],"10":[0,0],"11":[0,0],"12":[0,0],"13":[0,0],"14":[0,0],"15":[0,0],"16":[0,0],"17":[0,0],"18":[0,0],"19":[0,0]},"_coverageSchema":"1a1c01bbd47fc00a2c39e90264f33305004495a9","hash":"06d6034923e1e3a701ca5a9b267576fffdea5efa"}
,"/home/ubuntu/CarbonXchange/mobile-frontend/src/screens/Main/WalletScreen.js": {"path":"/home/ubuntu/CarbonXchange/mobile-frontend/src/screens/Main/WalletScreen.js","statementMap":{"0":{"start":{"line":7,"column":21},"end":{"line":176,"column":1}},"1":{"start":{"line":8,"column":32},"end":{"line":8,"column":46}},"2":{"start":{"line":9,"column":30},"end":{"line":9,"column":42}},"3":{"start":{"line":10,"column":50},"end":{"line":10,"column":65}},"4":{"start":{"line":11,"column":48},"end":{"line":11,"column":63}},"5":{"start":{"line":12,"column":42},"end":{"line":12,"column":57}},"6":{"start":{"line":13,"column":42},"end":{"line":13,"column":56}},"7":{"start":{"line":14,"column":40},"end":{"line":14,"column":54}},"8":{"start":{"line":15,"column":36},"end":{"line":15,"column":47}},"9":{"start":{"line":16,"column":48},"end":{"line":16,"column":59}},"10":{"start":{"line":20,"column":29},"end":{"line":35,"column":8}},"11":{"start":{"line":21,"column":4},"end":{"line":21,"column":30}},"12":{"start":{"line":22,"column":4},"end":{"line":22,"column":26}},"13":{"start":{"line":23,"column":4},"end":{"line":34,"column":5}},"14":{"start":{"line":24,"column":23},"end":{"line":24,"column":47}},"15":{"start":{"line":25,"column":6},"end":{"line":29,"column":7}},"16":{"start":{"line":26,"column":8},"end":{"line":26,"column":34}},"17":{"start":{"line":28,"column":8},"end":{"line":28,"column":85}},"18":{"start":{"line":31,"column":6},"end":{"line":31,"column":112}},"19":{"start":{"line":33,"column":6},"end":{"line":33,"column":33}},"20":{"start":{"line":37,"column":26},"end":{"line":62,"column":14}},"21":{"start":{"line":38,"column":4},"end":{"line":42,"column":5}},"22":{"start":{"line":39,"column":6},"end":{"line":39,"column":31}},"23":{"start":{"line":41,"column":6},"end":{"line":41,"column":28}},"24":{"start":{"line":43,"column":4},"end":{"line":43,"column":25}},"25":{"start":{"line":44,"column":4},"end":{"line":61,"column":5}},"26":{"start":{"line":45,"column":23},"end":{"line":45,"column":72}},"27":{"start":{"line":46,"column":6},"end":{"line":52,"column":7}},"28":{"start":{"line":47,"column":8},"end":{"line":47,"column":95}},"29":{"start":{"line":48,"column":8},"end":{"line":48,"column":53}},"30":{"start":{"line":49,"column":8},"end":{"line":49,"column":30}},"31":{"start":{"line":51,"column":8},"end":{"line":51,"column":76}},"32":{"start":{"line":54,"column":6},"end":{"line":54,"column":110}},"33":{"start":{"line":56,"column":6},"end":{"line":60,"column":7}},"34":{"start":{"line":57,"column":8},"end":{"line":57,"column":34}},"35":{"start":{"line":59,"column":8},"end":{"line":59,"column":31}},"36":{"start":{"line":64,"column":19},"end":{"line":67,"column":43}},"37":{"start":{"line":65,"column":4},"end":{"line":65,"column":25}},"38":{"start":{"line":66,"column":4},"end":{"line":66,"column":35}},"39":{"start":{"line":69,"column":2},"end":{"line":71,"column":17}},"40":{"start":{"line":70,"column":4},"end":{"line":70,"column":15}},"41":{"start":{"line":73,"column":20},"end":{"line":75,"column":3}},"42":{"start":{"line":74,"column":4},"end":{"line":74,"column":19}},"43":{"start":{"line":77,"column":31},"end":{"line":81,"column":3}},"44":{"start":{"line":78,"column":4},"end":{"line":80,"column":5}},"45":{"start":{"line":79,"column":6},"end":{"line":79,"column":37}},"46":{"start":{"line":83,"column":26},"end":{"line":96,"column":3}},"47":{"start":{"line":84,"column":4},"end":{"line":95,"column":11}},"48":{"start":{"line":98,"column":28},"end":{"line":101,"column":3}},"49":{"start":{"line":99,"column":4},"end":{"line":99,"column":54}},"50":{"start":{"line":99,"column":42},"end":{"line":99,"column":54}},"51":{"start":{"line":100,"column":4},"end":{"line":100,"column":120}},"52":{"start":{"line":103,"column":28},"end":{"line":114,"column":3}},"53":{"start":{"line":104,"column":5},"end":{"line":104,"column":54}},"54":{"start":{"line":104,"column":42},"end":{"line":104,"column":54}},"55":{"start":{"line":105,"column":5},"end":{"line":113,"column":7}},"56":{"start":{"line":109,"column":97},"end":{"line":109,"column":115}},"57":{"start":{"line":116,"column":2},"end":{"line":175,"column":4}},"58":{"start":{"line":158,"column":32},"end":{"line":158,"column":79}},"59":{"start":{"line":179,"column":15},"end":{"line":297,"column":2}}},"fnMap":{"0":{"name":"(anonymous_0)","decl":{"start":{"line":7,"column":21},"end":{"line":7,"column":22}},"loc":{"start":{"line":7,"column":41},"end":{"line":176,"column":1}},"line":7},"1":{"name":"(anonymous_1)","decl":{"start":{"line":20,"column":41},"end":{"line":20,"column":42}},"loc":{"start":{"line":20,"column":53},"end":{"line":35,"column":3}},"line":20},"2":{"name":"(anonymous_2)","decl":{"start":{"line":37,"column":38},"end":{"line":37,"column":39}},"loc":{"start":{"line":37,"column":81},"end":{"line":62,"column":3}},"line":37},"3":{"name":"(anonymous_3)","decl":{"start":{"line":64,"column":31},"end":{"line":64,"column":32}},"loc":{"start":{"line":64,"column":55},"end":{"line":67,"column":3}},"line":64},"4":{"name":"(anonymous_4)","decl":{"start":{"line":69,"column":12},"end":{"line":69,"column":13}},"loc":{"start":{"line":69,"column":18},"end":{"line":71,"column":3}},"line":69},"5":{"name":"(anonymous_5)","decl":{"start":{"line":73,"column":20},"end":{"line":73,"column":21}},"loc":{"start":{"line":73,"column":26},"end":{"line":75,"column":3}},"line":73},"6":{"name":"(anonymous_6)","decl":{"start":{"line":77,"column":31},"end":{"line":77,"column":32}},"loc":{"start":{"line":77,"column":37},"end":{"line":81,"column":3}},"line":77},"7":{"name":"(anonymous_7)","decl":{"start":{"line":83,"column":26},"end":{"line":83,"column":27}},"loc":{"start":{"line":84,"column":4},"end":{"line":95,"column":11}},"line":84},"8":{"name":"(anonymous_8)","decl":{"start":{"line":98,"column":28},"end":{"line":98,"column":29}},"loc":{"start":{"line":98,"column":34},"end":{"line":101,"column":3}},"line":98},"9":{"name":"(anonymous_9)","decl":{"start":{"line":103,"column":28},"end":{"line":103,"column":29}},"loc":{"start":{"line":103,"column":34},"end":{"line":114,"column":3}},"line":103},"10":{"name":"(anonymous_10)","decl":{"start":{"line":109,"column":91},"end":{"line":109,"column":92}},"loc":{"start":{"line":109,"column":97},"end":{"line":109,"column":115}},"line":109},"11":{"name":"(anonymous_11)","decl":{"start":{"line":158,"column":22},"end":{"line":158,"column":23}},"loc":{"start":{"line":158,"column":32},"end":{"line":158,"column":79}},"line":158}},"branchMap":{"0":{"loc":{"start":{"line":25,"column":6},"end":{"line":29,"column":7}},"type":"if","locations":[{"start":{"line":25,"column":6},"end":{"line":29,"column":7}},{"start":{"line":27,"column":13},"end":{"line":29,"column":7}}],"line":25},"1":{"loc":{"start":{"line":25,"column":10},"end":{"line":25,"column":43}},"type":"binary-expr","locations":[{"start":{"line":25,"column":10},"end":{"line":25,"column":26}},{"start":{"line":25,"column":30},"end":{"line":25,"column":43}}],"line":25},"2":{"loc":{"start":{"line":28,"column":24},"end":{"line":28,"column":83}},"type":"binary-expr","locations":[{"start":{"line":28,"column":24},"end":{"line":28,"column":47}},{"start":{"line":28,"column":51},"end":{"line":28,"column":83}}],"line":28},"3":{"loc":{"start":{"line":31,"column":22},"end":{"line":31,"column":110}},"type":"binary-expr","locations":[{"start":{"line":31,"column":22},"end":{"line":31,"column":49}},{"start":{"line":31,"column":53},"end":{"line":31,"column":64}},{"start":{"line":31,"column":68},"end":{"line":31,"column":110}}],"line":31},"4":{"loc":{"start":{"line":37,"column":45},"end":{"line":37,"column":56}},"type":"default-arg","locations":[{"start":{"line":37,"column":55},"end":{"line":37,"column":56}}],"line":37},"5":{"loc":{"start":{"line":37,"column":58},"end":{"line":37,"column":76}},"type":"default-arg","locations":[{"start":{"line":37,"column":71},"end":{"line":37,"column":76}}],"line":37},"6":{"loc":{"start":{"line":38,"column":4},"end":{"line":42,"column":5}},"type":"if","locations":[{"start":{"line":38,"column":4},"end":{"line":42,"column":5}},{"start":{"line":40,"column":11},"end":{"line":42,"column":5}}],"line":38},"7":{"loc":{"start":{"line":46,"column":6},"end":{"line":52,"column":7}},"type":"if","locations":[{"start":{"line":46,"column":6},"end":{"line":52,"column":7}},{"start":{"line":50,"column":13},"end":{"line":52,"column":7}}],"line":46},"8":{"loc":{"start":{"line":46,"column":10},"end":{"line":46,"column":51}},"type":"binary-expr","locations":[{"start":{"line":46,"column":10},"end":{"line":46,"column":26}},{"start":{"line":46,"column":30},"end":{"line":46,"column":51}}],"line":46},"9":{"loc":{"start":{"line":47,"column":18},"end":{"line":47,"column":93}},"type":"cond-expr","locations":[{"start":{"line":47,"column":34},"end":{"line":47,"column":54}},{"start":{"line":47,"column":57},"end":{"line":47,"column":93}}],"line":47},"10":{"loc":{
[...]
":4},"end":{"line":70,"column":16}},"32":{"start":{"line":74,"column":26},"end":{"line":77,"column":1}},"33":{"start":{"line":75,"column":4},"end":{"line":75,"column":24}},"34":{"start":{"line":80,"column":26},"end":{"line":88,"column":1}},"35":{"start":{"line":81,"column":2},"end":{"line":87,"column":3}},"36":{"start":{"line":82,"column":21},"end":{"line":82,"column":64}},"37":{"start":{"line":83,"column":4},"end":{"line":83,"column":25}},"38":{"start":{"line":85,"column":4},"end":{"line":85,"column":83}},"39":{"start":{"line":86,"column":4},"end":{"line":86,"column":16}},"40":{"start":{"line":90,"column":28},"end":{"line":98,"column":1}},"41":{"start":{"line":91,"column":2},"end":{"line":97,"column":3}},"42":{"start":{"line":92,"column":21},"end":{"line":92,"column":65}},"43":{"start":{"line":93,"column":4},"end":{"line":93,"column":25}},"44":{"start":{"line":95,"column":4},"end":{"line":95,"column":85}},"45":{"start":{"line":96,"column":4},"end":{"line":96,"column":16}},"46":{"start":{"line":101,"column":27},"end":{"line":109,"column":1}},"47":{"start":{"line":102,"column":2},"end":{"line":108,"column":3}},"48":{"start":{"line":103,"column":21},"end":{"line":103,"column":63}},"49":{"start":{"line":104,"column":4},"end":{"line":104,"column":25}},"50":{"start":{"line":106,"column":4},"end":{"line":106,"column":84}},"51":{"start":{"line":107,"column":4},"end":{"line":107,"column":16}},"52":{"start":{"line":111,"column":29},"end":{"line":119,"column":1}},"53":{"start":{"line":112,"column":2},"end":{"line":118,"column":3}},"54":{"start":{"line":113,"column":21},"end":{"line":113,"column":68}},"55":{"start":{"line":114,"column":4},"end":{"line":114,"column":25}},"56":{"start":{"line":116,"column":4},"end":{"line":116,"column":87}},"57":{"start":{"line":117,"column":4},"end":{"line":117,"column":16}},"58":{"start":{"line":122,"column":30},"end":{"line":130,"column":1}},"59":{"start":{"line":123,"column":2},"end":{"line":129,"column":3}},"60":{"start":{"line":124,"column":21},"end":{"line":124,"column":62}},"61":{"start":{"line":125,"column":4},"end":{"line":125,"column":25}},"62":{"start":{"line":127,"column":4},"end":{"line":127,"column":88}},"63":{"start":{"line":128,"column":4},"end":{"line":128,"column":16}},"64":{"start":{"line":132,"column":33},"end":{"line":140,"column":1}},"65":{"start":{"line":133,"column":2},"end":{"line":139,"column":3}},"66":{"start":{"line":134,"column":21},"end":{"line":134,"column":72}},"67":{"start":{"line":135,"column":4},"end":{"line":135,"column":25}},"68":{"start":{"line":137,"column":4},"end":{"line":137,"column":91}},"69":{"start":{"line":138,"column":4},"end":{"line":138,"column":16}},"70":{"start":{"line":143,"column":32},"end":{"line":151,"column":1}},"71":{"start":{"line":144,"column":2},"end":{"line":150,"column":3}},"72":{"start":{"line":145,"column":21},"end":{"line":145,"column":59}},"73":{"start":{"line":146,"column":4},"end":{"line":146,"column":25}},"74":{"start":{"line":148,"column":4},"end":{"line":148,"column":90}},"75":{"start":{"line":149,"column":4},"end":{"line":149,"column":16}},"76":{"start":{"line":158,"column":29},"end":{"line":166,"column":1}},"77":{"start":{"line":159,"column":2},"end":{"line":165,"column":3}},"78":{"start":{"line":160,"column":21},"end":{"line":160,"column":64}},"79":{"start":{"line":161,"column":4},"end":{"line":161,"column":25}},"80":{"start":{"line":163,"column":4},"end":{"line":163,"column":88}},"81":{"start":{"line":164,"column":4},"end":{"line":164,"column":16}}},"fnMap":{"0":{"name":"(anonymous_0)","decl":{"start":{"line":17,"column":2},"end":{"line":17,"column":3}},"loc":{"start":{"line":17,"column":20},"end":{"line":23,"column":3}},"line":17},"1":{"name":"(anonymous_1)","decl":{"start":{"line":24,"column":2},"end":{"line":24,"column":3}},"loc":{"start":{"line":24,"column":13},"end":{"line":26,"column":3}},"line":24},"2":{"name":"(anonymous_2)","decl":{"start":{"line":30,"column":18},"end":{"line":30,"column":19}},"loc":{"start":{"line":30,"column":35},"end":{"line":36,"column":1}},"line":30},"3":{"name":"(anonymous_3)","decl":{"start":{"line":39,"column":20},"end":{"line":39,"column":21}},"loc":{"start":{"line":39,"column":32},"end":{"line":45,"column":1}},"line":39},"4":{"name":"(anonymous_4)","decl":{"start":{"line":48,"column":21},"end":{"line":48,"column":22}},"loc":{"start":{"line":48,"column":48},"end":{"line":59,"column":1}},"line":48},"5":{"name":"(anonymous_5)","decl":{"start":{"line":61,"column":24},"end":{"line":61,"column":25}},"loc":{"start":{"line":61,"column":44},"end":{"line":72,"column":1}},"line":61},"6":{"name":"(anonymous_6)","decl":{"start":{"line":74,"column":26},"end":{"line":74,"column":27}},"loc":{"start":{"line":74,"column":38},"end":{"line":77,"column":1}},"line":74},"7":{"name":"(anonymous_7)","decl":{"start":{"line":80,"column":26},"end":{"line":80,"column":27}},"loc":{"start":{"line":80,"column":49},"end":{"line":88,"column":1}},"line":80},"8":{"name":"(anonymous_8)","decl":{"start":{"line":90,"column":28},"end":{"line":90,"column":29}},"loc":{"start":{"line":90,"column":50},"end":{"line":98,"column":1}},"line":90},"9":{"name":"(anonymous_9)","decl":{"start":{"line":101,"column":27},"end":{"line":101,"column":28}},"loc":{"start":{"line":101,"column":48},"end":{"line":109,"column":1}},"line":101},"10":{"name":"(anonymous_10)","decl":{"start":{"line":111,"column":29},"end":{"line":111,"column":30}},"loc":{"start":{"line":111,"column":52},"end":{"line":119,"column":1}},"line":111},"11":{"name":"(anonymous_11)","decl":{"start":{"line":122,"column":30},"end":{"line":122,"column":31}},"loc":{"start":{"line":122,"column":42},"end":{"line":130,"column":1}},"line":122},"12":{"name":"(anonymous_12)","decl":{"start":{"line":132,"column":33},"end":{"line":132,"column":34}},"loc":{"start":{"line":132,"column":56},"end":{"line":140,"column":1}},"line":132},"13":{"name":"(anonymous_13)","decl":{"start":{"line":143,"column":32},"end":{"line":143,"column":33}},"loc":{"start":{"line":143,"column":44},"end":{"line":151,"column":1}},"line":143},"14":{"name":"(anonymous_14)","decl":{"start":{"line":158,"column":29},"end":{"line":158,"column":30}},"loc":{"start":{"line":158,"column":49},"end":{"line":166,"column":1}},"line":158}},"branchMap":{"0":{"loc":{"start":{"line":19,"column":4},"end":{"line":21,"column":5}},"type":"if","locations":[{"start":{"line":19,"column":4},"end":{"line":21,"column":5}},{"start":{},"end":{}}],"line":19},"1":{"loc":{"start":{"line":51,"column":4},"end":{"line":53,"column":5}},"type":"if","locations":[{"start":{"line":51,"column":4},"end":{"line":53,"column":5}},{"start":{},"end":{}}],"line":51},"2":{"loc":{"start":{"line":51,"column":8},"end":{"line":51,"column":52}},"type":"binary-expr","locations":[{"start":{"line":51,"column":8},"end":{"line":51,"column":29}},{"start":{"line":51,"column":33},"end":{"line":51,"column":52}}],"line":51},"3":{"loc":{"start":{"line":56,"column":38},"end":{"line":56,"column":75}},"type":"binary-expr","locations":[{"start":{"line":56,"column":38},"end":{"line":56,"column":58}},{"start":{"line":56,"column":62},"end":{"line":56,"column":75}}],"line":56},"4":{"loc":{"start":{"line":64,"column":4},"end":{"line":66,"column":5}},"type":"if","locations":[{"start":{"line":64,"column":4},"end":{"line":66,"column":5}},{"start":{},"end":{}}],"line":64},"5":{"loc":{"start":{"line":64,"column":8},"end":{"line":64,"column":52}},"type":"binary-expr","locations":[{"start":{"line":64,"column":8},"end":{"line":64,"column":29}},{"start":{"line":64,"column":33},"end":{"line":64,"column":52}}],"line":64},"6":{"loc":{"start":{"line":69,"column":41},"end":{"line":69,"column":78}},"type":"binary-expr","locations":[{"start":{"line":69,"column":41},"end":{"line":69,"column":61}},{"start":{"line":69,"column":65},"end":{"line":69,"column":78}}],"line":69},"7":{"loc":{"start":{"line":80,"column":33},"end":{"line":80,"column":44}},"type":"default-arg","locations":[{"start":{"line":80,"column":42},"end":{"line":80,"column":44}}],"line":80},"8":{"loc":{"start":{"line":85,"column":44},"end":{"line":85,"column":81}},"type":"binary-expr","locations":[{"start":{"line":85,"column":44},"end":{"line":85,"column":64}},{"start":{"line":85,"column":68},"end":{"line":85,"column":81}}],"line":85},"9":{"loc":{"start":{"line":95,"column":46},"end":{"line":95,"column":83}},"type":"binary-expr","locations":[{"start":{"line":95,"column":46},"end":{"line":95,"column":66}},{"start":{"line":95,"column":70},"end":{"line":95,"column":83}}],"line":95},"10":{"loc":{"start":{"line":106,"column":45},"end":{"line":106,"column":82}},"type":"binary-expr","locations":[{"start":{"line":106,"column":45},"end":{"line":106,"column":65}},{"start":{"line":106,"column":69},"end":{"line":106,"column":82}}],"line":106},"11":{"loc":{"start":{"line":111,"column":36},"end":{"line":111,"column":47}},"type":"default-arg","locations":[{"start":{"line":111,"column":45},"end":{"line":111,"column":47}}],"line":111},"12":{"loc":{"start":{"line":116,"column":48},"end":{"line":116,"column":85}},"type":"binary-expr","locations":[{"start":{"line":116,"column":48},"end":{"line":116,"column":68}},{"start":{"line":116,"column":72},"end":{"line":116,"column":85}}],"line":116},"13":{"loc":{"start":{"line":127,"column":49},"end":{"line":127,"column":86}},"type":"binary-expr","locations":[{"start":{"line":127,"column":49},"end":{"line":127,"column":69}},{"start":{"line":127,"column":73},"end":{"line":127,"column":86}}],"line":127},"14":{"loc":{"start":{"line":132,"column":40},"end":{"line":132,"column":51}},"type":"default-arg","locations":[{"start":{"line":132,"column":49},"end":{"line":132,"column":51}}],"line":132},"15":{"loc":{"start":{"line":137,"column":52},"end":{"line":137,"column":89}},"type":"binary-expr","locations":[{"start":{"line":137,"column":52},"end":{"line":137,"column":72}},{"start":{"line":137,"column":76},"end":{"line":137,"column":89}}],"line":137},"16":{"loc":{"start":{"line":148,"column":51},"end":{"line":148,"column":88}},"type":"binary-expr","locations":[{"start":{"line":148,"column":51},"end":{"line":148,"column":71}},{"start":{"line":148,"column":75},"end":{"line":148,"column":88}}],"line":148},"17":{"loc":{"start":{"line":163,"column":49},"end":{"line":163,"column":86}},"type":"binary-expr","locations":[{"start":{"line":163,"column":49},"end":{"line":163,"column":69}},{"start":{"line":163,"column":73},"end":{"line":163,"column":86}}],"line":163}},"s":{"0":2,"1":2,"2":2,"3":2,"4":2,"5":0,"6":2,"7":0,"8":2,"9":2,"10":2,"11":0,"12":2,"13":1,"14":1,"15":0,"16":2,"17":2,"18":2,"19":1,"20":1,"21":1,"22":1,"23":1,"24":2,"25":1,"26":1,"27":1,"28":1,"29":1,"30":0,"31":0,"32":2,"33":1,"34":2,"35":2,"36":2,"37":1,"38":1,"39":1,"40":2,"41":2,"42":2,"43":1,"44":1,"45":1,"46":2,"47":2,"48":2,"49":1,"50":1,"51":1,"52":2,"53":2,"54":2,"55":1,"56":1,"57":1,"58":2,"59":2,"60":2,"61":1,"62":1,"63":1,"64":2,"65":2,"66":2,"67":1,"68":1,"69":1,"70":2,"71":2,"72":2,"73":1,"74":1,"75":1,"76":2,"77":2,"78":2,"79":1,"80":1,"81":1},"f":{"0":2,"1":0,"2":2,"3":1,"4":2,"5":1,"6":1,"7":2,"8":2,"9":2,"10":2,"11":2,"12":2,"13":2,"14":2},"b":{"0":[0,2],"1":[1,0],"2":[1,1],"3":[1,0],"4":[1,0],"5":[1,1],"6":[0,0],"7":[2],"8":[1,0],"9":[1,0],"10":[1,0],"11":[2],"12":[1,0],"13":[1,0],"14":[2],"15":[1,0],"16":[1,0],"17":[1,0]},"_coverageSchema":"1a1c01bbd47fc00a2c39e90264f33305004495a9","hash":"32036667e0c916fab18417d020cbea1867be8429"}
,"/home/ubuntu/CarbonXchange/mobile-frontend/src/store/slices/authSlice.js": {"path":"/home/ubuntu/CarbonXchange/mobile-frontend/src/store/slices/authSlice.js","statementMap":{"0":{"start":{"line":5,"column":25},"end":{"line":22,"column":1}},"1":{"start":{"line":8,"column":4},"end":{"line":20,"column":5}},"2":{"start":{"line":9,"column":23},"end":{"line":9,"column":55}},"3":{"start":{"line":11,"column":6},"end":{"line":17,"column":7}},"4":{"start":{"line":13,"column":8},"end":{"line":13,"column":64}},"5":{"start":{"line":14,"column":8},"end":{"line":14,"column":62}},"6":{"start":{"line":16,"column":8},"end":{"line":16,"column":65}},"7":{"start":{"line":19,"column":6},"end":{"line":19,"column":111}},"8":{"start":{"line":25,"column":28},"end":{"line":40,"column":1}},"9":{"start":{"line":28,"column":4},"end":{"line":38,"column":5}},"10":{"start":{"line":29,"column":23},"end":{"line":29,"column":51}},"11":{"start":{"line":30,"column":6},"end":{"line":35,"column":7}},"12":{"start":{"line":31,"column":8},"end":{"line":31,"column":71}},"13":{"start":{"line":32,"column":8},"end":{"line":32,"column":62}},"14":{"start":{"line":34,"column":8},"end":{"line":34,"column":72}},"15":{"start":{"line":37,"column":6},"end":{"line":37,"column":118}},"16":{"start":{"line":42,"column":21},"end":{"line":48,"column":1}},"17":{"start":{"line":50,"column":18},"end":{"line":107,"column":2}},"18":{"start":{"line":55,"column":6},"end":{"line":55,"column":24}},"19":{"start":{"line":56,"column":6},"end":{"line":56,"column":25}},"20":{"start":{"line":57,"column":6},"end":{"line":57,"column":31}},"21":{"start":{"line":58,"column":6},"end":{"line":58,"column":25}},"22":{"start":{"line":60,"column":6},"end":{"line":60,"column":37}},"23":{"start":{"line":63,"column":8},"end":{"line":63,"column":27}},"24":{"start":{"line":67,"column":4},"end":{"line":105,"column":9}},"25":{"start":{"line":70,"column":8},"end":{"line":70,"column":31}},"26":{"start":{"line":71,"column":8},"end":{"line":71,"column":27}},"27":{"start":{"line":74,"column":8},"end":{"line":74,"column":32}},"28":{"start":{"line":75,"column":8},"end":{"line":75,"column":32}},"29":{"start":{"line":76,"column":8},"end":{"line":76,"column":41}},"30":{"start":{"line":77,"column":8},"end":{"line":77,"column":43}},"31":{"start":{"line":78,"column":8},"end":{"line":78,"column":27}},"32":{"start":{"line":81,"column":8},"end":{"line":81,"column":32}},"33":{"start":{"line":82,"column":8},"end":{"line":82,"column":33}},"34":{"start":{"line":83,"column":8},"end":{"line":83,"column":37}},"35":{"start":{"line":84,"column":8},"end":{"line":84,"column":26}},"36":{"start":{"line":85,"column":8},"end":{"line":85,"column":27}},"37":{"start":{"line":89,"column":8},"end":{"line":89,"column":31}},"38":{"start":{"line":90,"column":8},"end":{"line":90,"column":27}},"39":{"start":{"line":93,"column":8},"end":{"line":93,"column":32}},"40":{"start":{"line":94,"column":8},"end":{"line":94,"column":32}},"41":{"start":{"line":95,"column":8},"end":{"line":95,"column":41}},"42":{"start":{"line":96,"column":8},"end":{"line":96,"column":43}},"43":{"start":{"line":97,"column":8},"end":{"line":97,"column":27}},"44":{"start":{"line":100,"column":8},"end":{"line":100,"column":32}},"45":{"start":{"line":101,"column":8},"end":{"line":101,"column":33}},"46":{"start":{"line":102,"column":8},"end":{"line":102,"column":37}},"47":{"start":{"line":103,"column":8},"end":{"line":103,"column":26}},"48":{"start":{"line":104,"column":8},"end":{"line":104,"column":27}},"49":{"start":{"line":109,"column":42},"end":{"line":109,"column":59}}},"fnMap":{"0":{"name":"(anonymous_0)","decl":{"start":{"line":7,"column":2},"end":{"line":7,"column":3}},"loc":{"start":{"line":7,"column":54},"end":{"line":21,"column":3}},"line":7},"1":{"name":"(anonymous_1)","decl":{"start":{"line":27,"column":2},"end":{"line":27,"column":3}},"loc":{"start":{"line":27,"column":43},"end":{"line":39,"column":3}},"line":27},"2":{"name":"(anonymous_2)","decl":{"start":{"line":54,"column":12},"end":{"line":54,"column":13}},"loc":{"start":{"line":54,"column":23},"end":{"line":61,"column":5}},"line":54},"3":{"name":"(anonymous_3)","decl":{"start":{"line":62,"column":20},"end":{"line":62,"column":21}},"loc":{"start":{"line":62,"column":31},"end":{"line":64,"column":5}},"line":62},"4":{"name":"(anonymous_4)","decl":{"start":{"line":66,"column":17},"end":{"line":66,"column":18}},"loc":{"start":{"line":66,"column":30},"end":{"line":106,"column":3}},"line":66},"5":{"name":"(anonymous_5)","decl":{"start":{"line":69,"column":34},"end":{"line":69,"column":35}},"loc":{"start":{"line":69,"column":45},"end":{"line":72,"column":7}},"line":69},"6":{"name":"(anonymous_6)","decl":{"start":{"line":73,"column":36},"end":{"line":73,"column":37}},"loc":{"start":{"line":73,"column":55},"end":{"line":79,"column":7}},"line":73},"7":{"name":"(anonymous_7)","decl":{"start":{"line":80,"column":35},"end":{"line":80,"column":36}},"loc":{"start":{"line":80,"column":54},"end":{"line":86,"column":7}},"line":80},"8":{"name":"(anonymous_8)","decl":{"start":{"line":88,"column":37},"end":{"line":88,"column":38}},"loc":{"start":{"line":88,"column":48},"end":{"line":91,"column":7}},"line":88},"9":{"name":"(anonymous_9)","decl":{"start":{"line":92,"column":39},"end":{"line":92,"column":40}},"loc":{"start":{"line":92,"column":58},"end":{"line":98,"column":7}},"line":92},"10":{"name":"(anonymous_10)","decl":{"start":{"line":99,"column":38},"end":{"line":99,"column":39}},"loc":{"start":{"line":99,"column":57},"end":{"line":105,"column":7}},"line":99}},"branchMap":{"0":{"loc":{"start":{"line":11,"column":6},"end":{"line":17,"column":7}},"type":"if","locations":[{"start":{"line":11,"column":6},"end":{"line":17,"column":7}},{"start":{"line":15,"column":13},"end":{"line":17,"column":7}}],"line":11},"1":{"loc":{"start":{"line":16,"column":31},"end":{"line":16,"column":63}},"type":"binary-expr","locations":[{"start":{"line":16,"column":31},"end":{"line":16,"column":45}},{"start":{"line":16,"column":49},"end":{"line":16,"column":63}}],"line":16},"2":{"loc":{"start":{"line":19,"column":29},"end":{"line":19,"column":109}},"type":"binary-expr","locations":[{"start":{"line":19,"column":29},"end":{"line":19,"column":56}},{"start":{"line":19,"column":60},"end":{"line":19,"column":73}},{"start":{"line":19,"column":77},"end":{"line":19,"column":109}}],"line":19},"3":{"loc":{"start":{"line":30,"column":6},"end":{"line":35,"column":7}},"type":"if","locations":[{"start":{"line":30,"column":6},"end":{"line":35,"column":7}},{"start":{"line":33,"column":13},"end":{"line":35,"column":7}}],"line":30},"4":{"loc":{"start":{"line":34,"column":31},"end":{"line":34,"column":70}},"type":"binary-expr","locations":[{"start":{"line":34,"column":31},"end":{"line":34,"column":45}},{"start":{"line":34,"column":49},"end":{"line":34,"column":70}}],"line":34},"5":{"loc":{"start":{"line":37,"column":29},"end":{"line":37,"column":116}},"type":"binary-expr","locations":[{"start":{"line":37,"column":29},"end":{"line":37,"column":56}},{"start":{"line":37,"column":60},"end":{"line":37,"column":73}},{"start":{"line":37,"column":77},"end":{"line":37,"column":116}}],"line":37}},"s":{"0":1,"1":0,"2":0,"3":0,"4":0,"5":0,"6":0,"7":0,"8":1,"9":0,"10":0,"11":0,"12":0,"13":0,"14":0,"15":0,"16":1,"17":1,"18":0,"19":0,"20":0,"21":0,"22":0,"23":0,"24":0,"25":0,"26":0,"27":0,"28":0,"29":0,"30":0,"31":0,"32":0,"33":0,"34":0,"35":0,"36":0,"37":0,"38":0,"39":0,"40":0,"41":0,"42":0,"43":0,"44":0,"45":0,"46":0,"47":0,"48":0,"49":1},"f":{"0":0,"1":0,"2":0,"3":0,"4":0,"5":0,"6":0,"7":0,"8":0,"9":0,"10":0},"b":{"0":[0,0],"1":[0,0],"2":[0,0,0],"3":[0,0],"4":[0,0],"5":[0,0,0]},"_coverageSchema":"1a1c01bbd47fc00a2c39e90264f33305004495a9","hash":"1054e536651214a51f30c9842e395b8f7a84e77a"}
,"/home/ubuntu/CarbonXchange/mobile-frontend/src/styles/theme.js": {"path":"/home/ubuntu/CarbonXchange/mobile-frontend/src/styles/theme.js","statementMap":{"0":{"start":{"line":3,"column":26},"end":{"line":3,"column":50}},"1":{"start":{"line":6,"column":15},"end":{"line":17,"column":1}},"2":{"start":{"line":20,"column":19},"end":{"line":58,"column":1}},"3":{"start":{"line":61,"column":16},"end":{"line":67,"column":1}},"4":{"start":{"line":70,"column":15},"end":{"line":94,"column":1}},"5":{"start":{"line":97,"column":19},"end":{"line":138,"column":1}},"6":{"start":{"line":140,"column":14},"end":{"line":148,"column":1}}},"fnMap":{},"branchMap":{},"s":{"0":7,"1":7,"2":7,"3":7,"4":7,"5":7,"6":7},"f":{},"b":{},"_coverageSchema":"1a1c01bbd47fc00a2c39e90264f33305004495a9","hash":"0521892351599b83d9ae10b2dea37ffe2aa5ef5d"}
}
