TN:
SF:src/screens/Auth/RegisterScreen.js
FN:7,(anonymous_0)
FN:14,(anonymous_1)
FN:16,(anonymous_2)
FN:50,(anonymous_3)
FN:119,(anonymous_4)
FNF:5
FNH:2
FNDA:18,(anonymous_0)
FNDA:36,(anonymous_1)
FNDA:0,(anonymous_2)
FNDA:0,(anonymous_3)
FNDA:0,(anonymous_4)
DA:7,1
DA:8,18
DA:9,18
DA:10,18
DA:11,18
DA:12,18
DA:13,18
DA:14,36
DA:16,0
DA:17,0
DA:18,0
DA:20,0
DA:21,0
DA:22,0
DA:24,0
DA:25,0
DA:26,0
DA:29,0
DA:30,0
DA:31,0
DA:34,0
DA:35,0
DA:36,0
DA:39,0
DA:46,0
DA:50,0
DA:51,0
DA:52,0
DA:53,0
DA:54,0
DA:58,0
DA:119,0
DA:131,1
LF:33
LH:9
BRDA:17,0,0,0
BRDA:17,0,1,0
BRDA:20,1,0,0
BRDA:20,1,1,0
BRDA:20,2,0,0
BRDA:20,2,1,0
BRDA:20,2,2,0
BRDA:20,2,3,0
BRDA:24,3,0,0
BRDA:24,3,1,0
BRDA:29,4,0,0
BRDA:29,4,1,0
BRDA:34,5,0,0
BRDA:34,5,1,0
BRDA:44,6,0,0
BRDA:44,6,1,0
BRDA:51,7,0,0
BRDA:51,7,1,0
BRDA:52,8,0,0
BRDA:52,8,1,0
BRDA:52,8,2,0
BRDA:60,9,0,0
BRDA:60,9,1,0
BRDA:109,10,0,0
BRDA:109,10,1,0
BRF:25
BRH:0
end_of_record
TN:
SF:src/screens/Main/CreditDetailScreen.js
FN:6,(anonymous_0)
FN:12,(anonymous_1)
FN:33,(anonymous_2)
FN:38,(anonymous_3)
FN:129,(anonymous_4)
FN:130,(anonymous_5)
FN:139,(anonymous_6)
FNF:7
FNH:0
FNDA:0,(anonymous_0)
FNDA:0,(anonymous_1)
FNDA:0,(anonymous_2)
FNDA:0,(anonymous_3)
FNDA:0,(anonymous_4)
FNDA:0,(anonymous_5)
FNDA:0,(anonymous_6)
DA:6,1
DA:7,0
DA:8,0
DA:9,0
DA:10,0
DA:12,0
DA:13,0
DA:14,0
DA:15,0
DA:16,0
DA:17,0
DA:18,0
DA:20,0
DA:21,0
DA:25,0
DA:26,0
DA:29,0
DA:33,0
DA:34,0
DA:38,0
DA:39,0
DA:40,0
DA:41,0
DA:43,0
DA:47,0
DA:48,0
DA:53,0
DA:54,0
DA:64,0
DA:65,0
DA:71,0
DA:72,0
DA:73,0
DA:74,0
DA:75,0
DA:76,0
DA:77,0
DA:78,0
DA:79,0
DA:81,0
DA:130,0
DA:139,0
DA:150,1
LF:43
LH:2
BRDA:17,0,0,0
BRDA:17,0,1,0
BRDA:17,1,0,0
BRDA:17,1,1,0
BRDA:20,2,0,0
BRDA:20,2,1,0
BRDA:25,3,0,0
BRDA:25,3,1,0
BRDA:25,3,2,0
BRDA:40,4,0,0
BRDA:40,4,1,0
BRDA:47,5,0,0
BRDA:47,5,1,0
BRDA:53,6,0,0
BRDA:53,6,1,0
BRDA:64,7,0,0
BRDA:64,7,1,0
BRDA:71,8,0,0
BRDA:71,8,1,0
BRDA:72,9,0,0
BRDA:72,9,1,0
BRDA:73,10,0,0
BRDA:73,10,1,0
BRDA:74,11,0,0
BRDA:74,11,1,0
BRDA:75,12,0,0
BRDA:75,12,1,0
BRDA:76,13,0,0
BRDA:76,13,1,0
BRDA:77,14,0,0
BRDA:77,14,1,0
BRDA:78,15,0,0
BRDA:78,15,1,0
BRDA:85,16,0,0
BRDA:85,16,1,0
BRDA:111,17,0,0
BRDA:111,17,1,0
BRDA:126,18,0,0
BRDA:126,18,1,0
BRDA:126,18,2,0
BRDA:138,19,0,0
BRDA:138,19,1,0
BRF:42
BRH:0
end_of_record
TN:
SF:src/screens/Main/CreditsListScreen.js
FN:7,useDebounce
FN:9,(anonymous_1)
FN:10,(anonymous_2)
FN:13,(anonymous_3)
FN:20,(anonymous_4)
FN:30,(anonymous_5)
FN:78,(anonymous_6)
FN:88,(anonymous_7)
FN:95,(anonymous_8)
FN:100,(anonymous_9)
FN:103,(anonymous_10)
FN:123,(anonymous_11)
FN:135,(anonymous_12)
FN:183,(anonymous_13)
FNF:14
FNH:0
FNDA:0,useDebounce
FNDA:0,(anonymous_1)
FNDA:0,(anonymous_2)
FNDA:0,(anonymous_3)
FNDA:0,(anonymous_4)
FNDA:0,(anonymous_5)
FNDA:0,(anonymous_6)
FNDA:0,(anonymous_7)
FNDA:0,(anonymous_8)
FNDA:0,(anonymous_9)
FNDA:0,(anonymous_10)
FNDA:0,(anonymous_11)
FNDA:0,(anonymous_12)
FNDA:0,(anonymous_13)
DA:8,0
DA:9,0
DA:10,0
DA:11,0
DA:13,0
DA:14,0
DA:17,0
DA:20,1
DA:21,0
DA:22,0
DA:23,0
DA:24,0
DA:25,0
DA:26,0
DA:27,0
DA:28,0
DA:30,0
DA:32,0
DA:33,0
DA:34,0
DA:35,0
DA:39,0
DA:40,0
DA:41,0
DA:42,0
DA:43,0
DA:45,0
DA:47,0
DA:49,0
DA:50,0
DA:51,0
DA:54,0
DA:55,0
DA:56,0
DA:58,0
DA:61,0
DA:62,0
DA:63,0
DA:64,0
DA:66,0
DA:69,0
DA:70,0
DA:71,0
DA:72,0
DA:78,0
DA:80,0
DA:88,0
DA:90,0
DA:91,0
DA:95,0
DA:97,0
DA:100,0
DA:101,0
DA:103,0
DA:123,0
DA:125,0
DA:130,0
DA:132,0
DA:135,0
DA:137,0
DA:139,0
DA:145,0
DA:147,0
DA:160,0
DA:183,0
DA:205,1
LF:66
LH:2
BRDA:30,0,0,0
BRDA:30,1,0,0
BRDA:30,2,0,0
BRDA:32,3,0,0
BRDA:32,3,1,0
BRDA:32,4,0,0
BRDA:32,4,1,0
BRDA:34,5,0,0
BRDA:34,5,1,0
BRDA:42,6,0,0
BRDA:42,6,1,0
BRDA:47,7,0,0
BRDA:47,7,1,0
BRDA:47,8,0,0
BRDA:47,8,1,0
BRDA:49,9,0,0
BRDA:49,9,1,0
BRDA:50,10,0,0
BRDA:50,10,1,0
BRDA:54,11,0,0
BRDA:54,11,1,0
BRDA:56,12,0,0
BRDA:56,12,1,0
BRDA:61,13,0,0
BRDA:61,13,1,0
BRDA:61,13,2,0
BRDA:62,14,0,0
BRDA:62,14,1,0
BRDA:69,15,0,0
BRDA:69,15,1,0
BRDA:69,16,0,0
BRDA:69,16,1,0
BRDA:71,17,0,0
BRDA:71,17,1,0
BRDA:90,18,0,0
BRDA:90,18,1,0
BRDA:90,19,0,0
BRDA:90,19,1,0
BRDA:90,19,2,0
BRDA:106,20,0,0
BRDA:106,20,1,0
BRDA:107,21,0,0
BRDA:107,21,1,0
BRDA:108,22,0,0
BRDA:108,22,1,0
BRDA:113,23,0,0
BRDA:113,23,1,0
BRDA:118,24,0,0
BRDA:118,24,1,0
BRDA:125,25,0,0
BRDA:125,25,1,0
BRDA:125,26,0,0
BRDA:125,26,1,0
BRDA:125,26,2,0
BRDA:137,27,0,0
BRDA:137,27,1,0
BRDA:137,28,0,0
BRDA:137,28,1,0
BRDA:139,29,0,0
BRDA:139,29,1,0
BRDA:141,30,0,0
BRDA:141,30,1,0
BRDA:149,31,0,0
BRDA:149,31,1,0
BRDA:176,32,0,0
BRDA:176,32,1,0
BRDA:176,32,2,0
BRDA:183,33,0,0
BRDA:183,33,1,0
BRDA:198,34,0,0
BRDA:198,34,1,0
BRDA:198,35,0,0
BRDA:198,35,1,0
BRF:73
BRH:0
end_of_record
TN:
SF:src/screens/Main/MarketDataScreen.js
FN:10,(anonymous_0)
FN:19,(anonymous_1)
FN:36,(anonymous_2)
FN:66,(anonymous_3)
FN:71,(anonymous_4)
FN:82,(anonymous_5)
FN:83,(anonymous_6)
FN:160,(anonymous_7)
FN:164,(anonymous_8)
FN:177,(anonymous_9)
FNF:10
FNH:0
FNDA:0,(anonymous_0)
FNDA:0,(anonymous_1)
FNDA:0,(anonymous_2)
FNDA:0,(anonymous_3)
FNDA:0,(anonymous_4)
FNDA:0,(anonymous_5)
FNDA:0,(anonymous_6)
FNDA:0,(anonymous_7)
FNDA:0,(anonymous_8)
FNDA:0,(anonymous_9)
DA:8,1
DA:10,1
DA:11,0
DA:12,0
DA:13,0
DA:14,0
DA:15,0
DA:16,0
DA:17,0
DA:19,0
DA:20,0
DA:21,0
DA:22,0
DA:23,0
DA:24,0
DA:25,0
DA:27,0
DA:30,0
DA:32,0
DA:36,0
DA:37,0
DA:38,0
DA:39,0
DA:40,0
DA:42,0
DA:43,0
DA:45,0
DA:49,0
DA:51,0
DA:53,0
DA:54,0
DA:57,0
DA:60,0
DA:62,0
DA:66,0
DA:67,0
DA:68,0
DA:71,0
DA:72,0
DA:77,0
DA:82,0
DA:83,0
DA:99,0
DA:112,0
DA:161,0
DA:164,0
DA:177,0
DA:209,1
LF:48
LH:3
BRDA:24,0,0,0
BRDA:24,0,1,0
BRDA:24,1,0,0
BRDA:24,1,1,0
BRDA:27,2,0,0
BRDA:27,2,1,0
BRDA:30,3,0,0
BRDA:30,3,1,0
BRDA:30,3,2,0
BRDA:36,4,0,0
BRDA:43,5,0,0
BRDA:43,5,1,0
BRDA:43,6,0,0
BRDA:43,6,1,0
BRDA:45,7,0,0
BRDA:45,7,1,0
BRDA:45,8,0,0
BRDA:45,8,1,0
BRDA:45,8,2,0
BRDA:45,8,3,0
BRDA:45,8,4,0
BRDA:45,8,5,0
BRDA:45,8,6,0
BRDA:57,9,0,0
BRDA:57,9,1,0
BRDA:60,10,0,0
BRDA:60,10,1,0
BRDA:60,10,2,0
BRDA:82,11,0,0
BRDA:83,12,0,0
BRDA:119,13,0,0
BRDA:119,13,1,0
BRDA:121,14,0,0
BRDA:121,14,1,0
BRDA:128,15,0,0
BRDA:128,15,1,0
BRDA:132,16,0,0
BRDA:132,16,1,0
BRDA:136,17,0,0
BRDA:136,17,1,0
BRDA:137,18,0,0
BRDA:137,18,1,0
BRDA:142,19,0,0
BRDA:142,19,1,0
BRDA:146,20,0,0
BRDA:146,20,1,0
BRDA:163,21,0,0
BRDA:163,21,1,0
BRDA:167,22,0,0
BRDA:167,22,1,0
BRDA:172,23,0,0
BRDA:172,23,1,0
BRDA:174,24,0,0
BRDA:174,24,1,0
BRDA:181,25,0,0
BRDA:181,25,1,0
BRDA:200,26,0,0
BRDA:200,26,1,0
BRDA:200,27,0,0
BRDA:200,27,1,0
BRF:60
BRH:0
end_of_record
TN:
SF:src/screens/Main/TradeHistoryScreen.js
FN:6,(anonymous_0)
FN:14,(anonymous_1)
FN:51,(anonymous_2)
FN:53,(anonymous_3)
FN:63,(anonymous_4)
FN:69,(anonymous_5)
FN:73,(anonymous_6)
FN:90,(anonymous_7)
FN:98,(anonymous_8)
FN:127,(anonymous_9)
FNF:10
FNH:0
FNDA:0,(anonymous_0)
FNDA:0,(anonymous_1)
FNDA:0,(anonymous_2)
FNDA:0,(anonymous_3)
FNDA:0,(anonymous_4)
FNDA:0,(anonymous_5)
FNDA:0,(anonymous_6)
FNDA:0,(anonymous_7)
FNDA:0,(anonymous_8)
FNDA:0,(anonymous_9)
DA:6,1
DA:7,0
DA:8,0
DA:9,0
DA:10,0
DA:11,0
DA:12,0
DA:14,0
DA:15,0
DA:16,0
DA:17,0
DA:18,0
DA:20,0
DA:22,0
DA:23,0
DA:24,0
DA:25,0
DA:26,0
DA:27,0
DA:29,0
DA:30,0
DA:31,0
DA:33,0
DA:36,0
DA:37,0
DA:38,0
DA:39,0
DA:41,0
DA:43,0
DA:44,0
DA:45,0
DA:46,0
DA:51,0
DA:53,0
DA:54,0
DA:58,0
DA:60,0
DA:63,0
DA:64,0
DA:65,0
DA:69,0
DA:70,0
DA:73,0
DA:74,0
DA:90,0
DA:92,0
DA:93,0
DA:95,0
DA:98,0
DA:99,0
DA:100,0
DA:101,0
DA:103,0
DA:116,0
DA:127,0
DA:148,1
LF:56
LH:2
BRDA:14,0,0,0
BRDA:14,1,0,0
BRDA:15,2,0,0
BRDA:15,2,1,0
BRDA:15,3,0,0
BRDA:15,3,1,0
BRDA:17,4,0,0
BRDA:17,4,1,0
BRDA:24,5,0,0
BRDA:24,5,1,0
BRDA:24,6,0,0
BRDA:24,6,1,0
BRDA:25,7,0,0
BRDA:25,7,1,0
BRDA:26,8,0,0
BRDA:26,8,1,0
BRDA:29,9,0,0
BRDA:29,9,1,0
BRDA:31,10,0,0
BRDA:31,10,1,0
BRDA:36,11,0,0
BRDA:36,11,1,0
BRDA:36,11,2,0
BRDA:37,12,0,0
BRDA:37,12,1,0
BRDA:43,13,0,0
BRDA:43,13,1,0
BRDA:43,14,0,0
BRDA:43,14,1,0
BRDA:45,15,0,0
BRDA:45,15,1,0
BRDA:64,16,0,0
BRDA:64,16,1,0
BRDA:64,17,0,0
BRDA:64,17,1,0
BRDA:64,17,2,0
BRDA:76,18,0,0
BRDA:76,18,1,0
BRDA:77,19,0,0
BRDA:77,19,1,0
BRDA:81,20,0,0
BRDA:81,20,1,0
BRDA:86,21,0,0
BRDA:86,21,1,0
BRDA:92,22,0,0
BRDA:92,22,1,0
BRDA:92,23,0,0
BRDA:92,23,1,0
BRDA:92,23,2,0
BRDA:99,24,0,0
BRDA:99,24,1,0
BRDA:99,25,0,0
BRDA:99,25,1,0
BRDA:100,26,0,0
BRDA:100,26,1,0
BRDA:105,27,0,0
BRDA:105,27,1,0
BRDA:120,28,0,0
BRDA:120,28,1,0
BRDA:120,28,2,0
BRDA:127,29,0,0
BRDA:127,29,1,0
BRDA:141,30,0,0
BRDA:141,30,1,0
BRDA:141,31,0,0
BRDA:141,31,1,0
BRF:66
BRH:0
end_of_record
TN:
SF:src/screens/Main/TradingScreen.js
FN:6,(anonymous_0)
FN:13,(anonymous_1)
FN:56,(anonymous_2)
FN:95,(anonymous_3)
FN:101,(anonymous_4)
FNF:5
FNH:0
FNDA:0,(anonymous_0)
FNDA:0,(anonymous_1)
FNDA:0,(anonymous_2)
FNDA:0,(anonymous_3)
FNDA:0,(anonymous_4)
DA:6,1
DA:7,0
DA:8,0
DA:9,0
DA:10,0
DA:11,0
DA:13,0
DA:14,0
DA:15,0
DA:17,0
DA:18,0
DA:19,0
DA:23,0
DA:24,0
DA:25,0
DA:29,0
DA:30,0
DA:31,0
DA:37,0
DA:38,0
DA:39,0
DA:41,0
DA:43,0
DA:44,0
DA:45,0
DA:48,0
DA:49,0
DA:50,0
DA:52,0
DA:56,0
DA:57,0
DA:58,0
DA:59,0
DA:60,0
DA:62,0
DA:65,0
DA:95,0
DA:101,0
DA:138,1
LF:39
LH:2
BRDA:17,0,0,0
BRDA:17,0,1,0
BRDA:17,1,0,0
BRDA:17,1,1,0
BRDA:23,2,0,0
BRDA:23,2,1,0
BRDA:23,3,0,0
BRDA:23,3,1,0
BRDA:23,3,2,0
BRDA:38,4,0,0
BRDA:38,4,1,0
BRDA:43,5,0,0
BRDA:43,5,1,0
BRDA:48,6,0,0
BRDA:48,6,1,0
BRDA:48,6,2,0
BRDA:59,7,0,0
BRDA:59,7,1,0
BRDA:59,8,0,0
BRDA:59,8,1,0
BRDA:59,8,2,0
BRDA:67,9,0,0
BRDA:67,9,1,0
BRDA:78,10,0,0
BRDA:78,10,1,0
BRDA:82,11,0,0
BRDA:82,11,1,0
BRDA:84,12,0,0
BRDA:84,12,1,0
BRDA:94,13,0,0
BRDA:94,13,1,0
BRDA:97,14,0,0
BRDA:97,14,1,0
BRDA:100,15,0,0
BRDA:100,15,1,0
BRDA:103,16,0,0
BRDA:103,16,1,0
BRDA:122,17,0,0
BRDA:122,17,1,0
BRDA:126,18,0,0
BRDA:126,18,1,0
BRDA:130,19,0,0
BRDA:130,19,1,0
BRF:43
BRH:0
end_of_record
TN:
SF:src/screens/Main/WalletScreen.js
FN:7,(anonymous_0)
FN:20,(anonymous_1)
FN:37,(anonymous_2)
FN:64,(anonymous_3)
FN:69,(anonymous_4)
FN:73,(anonymous_5)
FN:77,(anonymous_6)
FN:83,(anonymous_7)
FN:98,(anonymous_8)
FN:103,(anonymous_9)
FN:109,(anonymous_10)
FN:158,(anonymous_11)
FNF:12
FNH:0
FNDA:0,(anonymous_0)
FNDA:0,(anonymous_1)
FNDA:0,(anonymous_2)
FNDA:0,(anonymous_3)
FNDA:0,(anonymous_4)
FNDA:0,(anonymous_5)
FNDA:0,(anonymous_6)
FNDA:0,(anonymous_7)
FNDA:0,(anonymous_8)
FNDA:0,(anonymous_9)
FNDA:0,(anonymous_10)
FNDA:0,(anonymous_11)
DA:7,1
DA:8,0
DA:9,0
DA:10,0
DA:11,0
DA:12,0
DA:13,0
DA:14,0
DA:15,0
DA:16,0
DA:20,0
DA:21,0
DA:22,0
DA:23,0
DA:24,0
DA:25,0
DA:26,0
DA:28,0
DA:31,0
DA:33,0
DA:37,0
DA:38,0
DA:39,0
DA:41,0
DA:43,0
DA:44,0
DA:45,0
DA:46,0
DA:47,0
DA:48,0
DA:49,0
DA:51,0
DA:54,0
DA:56,0
DA:57,0
DA:59,0
DA:64,0
DA:65,0
DA:66,0
DA:69,0
DA:70,0
DA:73,0
DA:74,0
DA:77,0
DA:78,0
DA:79,0
DA:83,0
DA:84,0
DA:98,0
DA:99,0
DA:100,0
DA:103,0
DA:104,0
DA:105,0
DA:109,0
DA:116,0
DA:158,0
DA:179,1
LF:58
LH:2
BRDA:25,0,0,0
BRDA:25,0,1,0
BRDA:25,1,0,0
BRDA:25,1,1,0
BRDA:28,2,0,0
BRDA:28,2,1,0
BRDA:31,3,0,0
BRDA:31,3,1,0
BRDA:31,3,2,0
BRDA:37,4,0,0
BRDA:37,5,0,0
BRDA:38,6,0,0
BRDA:38,6,1,0
BRDA:46,7,0,0
BRDA:46,7,1,0
BRDA:46,8,0,0
BRDA:46,8,1,0
BRDA:47,9,0,0
BRDA:47,9,1,0
BRDA:48,10,0,0
BRDA:48,10,1,0
BRDA:51,11,0,0
BRDA:51,11,1,0
BRDA:54,12,0,0
BRDA:54,12,1,0
BRDA:54,12,2,0
BRDA:56,13,0,0
BRDA:56,13,1,0
BRDA:64,14,0,0
BRDA:78,15,0,0
BRDA:78,15,1,0
BRDA:78,16,0,0
BRDA:78,16,1,0
BRDA:78,16,2,0
BRDA:86,17,0,0
BRDA:86,17,1,0
BRDA:89,18,0,0
BRDA:89,18,1,0
BRDA:94,19,0,0
BRDA:94,19,1,0
BRDA:99,20,0,0
BRDA:99,20,1,0
BRDA:99,21,0,0
BRDA:99,21,1,0
BRDA:104,22,0,0
BRDA:104,22,1,0
BRDA:104,23,0,0
BRDA:104,23,1,0
BRDA:108,24,0,0
BRDA:108,24,1,0
BRDA:123,25,0,0
BRDA:123,25,1,0
BRDA:125,26,0,0
BRDA:125,26,1,0
BRDA:132,27,0,0
BRDA:132,27,1,0
BRDA:137,28,0,0
BRDA:137,28,1,0
BRDA:141,29,0,0
BRDA:141,29,1,0
BRDA:145,30,0,0
BRDA:145,30,1,0
BRDA:158,31,0,0
BRDA:158,31,1,0
BRF:64
BRH:0
end_of_record
TN:
SF:src/services/api.js
FN:17,(anonymous_0)
FN:24,(anonymous_1)
FN:30,(anonymous_2)
FN:39,(anonymous_3)
FN:48,(anonymous_4)
FN:61,(anonymous_5)
FN:74,(anonymous_6)
FN:80,(anonymous_7)
FN:90,(anonymous_8)
FN:101,(anonymous_9)
FN:111,(anonymous_10)
FN:122,(anonymous_11)
FN:132,(anonymous_12)
FN:143,(anonymous_13)
FN:158,(anonymous_14)
FNF:15
FNH:14
FNDA:2,(anonymous_0)
FNDA:0,(anonymous_1)
FNDA:2,(anonymous_2)
FNDA:1,(anonymous_3)
FNDA:2,(anonymous_4)
FNDA:1,(anonymous_5)
FNDA:1,(anonymous_6)
FNDA:2,(anonymous_7)
FNDA:2,(anonymous_8)
FNDA:2,(anonymous_9)
FNDA:2,(anonymous_10)
FNDA:2,(anonymous_11)
FNDA:2,(anonymous_12)
FNDA:2,(anonymous_13)
FNDA:2,(anonymous_14)
DA:6,2
DA:8,2
DA:16,2
DA:18,2
DA:19,2
DA:20,0
DA:22,2
DA:25,0
DA:30,2
DA:31,2
DA:32,2
DA:34,0
DA:39,2
DA:40,1
DA:41,1
DA:43,0
DA:48,2
DA:49,2
DA:50,2
DA:51,1
DA:52,1
DA:54,1
DA:56,1
DA:57,1
DA:61,2
DA:62,1
DA:63,1
DA:64,1
DA:65,1
DA:67,1
DA:69,0
DA:70,0
DA:74,2
DA:75,1
DA:80,2
DA:81,2
DA:82,2
DA:83,1
DA:85,1
DA:86,1
DA:90,2
DA:91,2
DA:92,2
DA:93,1
DA:95,1
DA:96,1
DA:101,2
DA:102,2
DA:103,2
DA:104,1
DA:106,1
DA:107,1
DA:111,2
DA:112,2
DA:113,2
DA:114,1
DA:116,1
DA:117,1
DA:122,2
DA:123,2
DA:124,2
DA:125,1
DA:127,1
DA:128,1
DA:132,2
DA:133,2
DA:134,2
DA:135,1
DA:137,1
DA:138,1
DA:143,2
DA:144,2
DA:145,2
DA:146,1
DA:148,1
DA:149,1
DA:158,2
DA:159,2
DA:160,2
DA:161,1
DA:163,1
DA:164,1
LF:82
LH:76
BRDA:19,0,0,0
BRDA:19,0,1,2
BRDA:51,1,0,1
BRDA:51,1,1,0
BRDA:51,2,0,1
BRDA:51,2,1,1
BRDA:56,3,0,1
BRDA:56,3,1,0
BRDA:64,4,0,1
BRDA:64,4,1,0
BRDA:64,5,0,1
BRDA:64,5,1,1
BRDA:69,6,0,0
BRDA:69,6,1,0
BRDA:80,7,0,2
BRDA:85,8,0,1
BRDA:85,8,1,0
BRDA:95,9,0,1
BRDA:95,9,1,0
BRDA:106,10,0,1
BRDA:106,10,1,0
BRDA:111,11,0,2
BRDA:116,12,0,1
BRDA:116,12,1,0
BRDA:127,13,0,1
BRDA:127,13,1,0
BRDA:132,14,0,2
BRDA:137,15,0,1
BRDA:137,15,1,0
BRDA:148,16,0,1
BRDA:148,16,1,0
BRDA:163,17,0,1
BRDA:163,17,1,0
BRF:33
BRH:19
end_of_record
TN:
SF:src/store/slices/authSlice.js
FN:7,(anonymous_0)
FN:27,(anonymous_1)
FN:54,(anonymous_2)
FN:62,(anonymous_3)
FN:66,(anonymous_4)
FN:69,(anonymous_5)
FN:73,(anonymous_6)
FN:80,(anonymous_7)
FN:88,(anonymous_8)
FN:92,(anonymous_9)
FN:99,(anonymous_10)
FNF:11
FNH:0
FNDA:0,(anonymous_0)
FNDA:0,(anonymous_1)
FNDA:0,(anonymous_2)
FNDA:0,(anonymous_3)
FNDA:0,(anonymous_4)
FNDA:0,(anonymous_5)
FNDA:0,(anonymous_6)
FNDA:0,(anonymous_7)
FNDA:0,(anonymous_8)
FNDA:0,(anonymous_9)
FNDA:0,(anonymous_10)
DA:5,1
DA:8,0
DA:9,0
DA:11,0
DA:13,0
DA:14,0
DA:16,0
DA:19,0
DA:25,1
DA:28,0
DA:29,0
DA:30,0
DA:31,0
DA:32,0
DA:34,0
DA:37,0
DA:42,1
DA:50,1
DA:55,0
DA:56,0
DA:57,0
DA:58,0
DA:60,0
DA:63,0
DA:67,0
DA:70,0
DA:71,0
DA:74,0
DA:75,0
DA:76,0
DA:77,0
DA:78,0
DA:81,0
DA:82,0
DA:83,0
DA:84,0
DA:85,0
DA:89,0
DA:90,0
DA:93,0
DA:94,0
DA:95,0
DA:96,0
DA:97,0
DA:100,0
DA:101,0
DA:102,0
DA:103,0
DA:104,0
DA:109,1
LF:50
LH:5
BRDA:11,0,0,0
BRDA:11,0,1,0
BRDA:16,1,0,0
BRDA:16,1,1,0
BRDA:19,2,0,0
BRDA:19,2,1,0
BRDA:19,2,2,0
BRDA:30,3,0,0
BRDA:30,3,1,0
BRDA:34,4,0,0
BRDA:34,4,1,0
BRDA:37,5,0,0
BRDA:37,5,1,0
BRDA:37,5,2,0
BRF:14
BRH:0
end_of_record
TN:
SF:src/styles/theme.js
FNF:0
FNH:0
DA:3,7
DA:6,7
DA:20,7
DA:61,7
DA:70,7
DA:97,7
DA:140,7
LF:7
LH:7
BRF:0
BRH:0
end_of_record
